W:\PROJECTS\XXXUI\XUI\XUI\CXIMAGE\PNG\DEBUG\PNG.OBJ
W:\PROJECTS\XXXUI\XUI\XUI\CXIMAGE\PNG\DEBUG\PNGERROR.OBJ
W:\PROJECTS\XXXUI\XUI\XUI\CXIMAGE\PNG\DEBUG\PNGGET.OBJ
W:\PROJECTS\XXXUI\XUI\XUI\CXIMAGE\PNG\DEBUG\PNGMEM.OBJ
W:\PROJECTS\XXXUI\XUI\XUI\CXIMAGE\PNG\DEBUG\PNGPREAD.OBJ
W:\PROJECTS\XXXUI\XUI\XUI\CXIMAGE\PNG\DEBUG\PNGREAD.OBJ
W:\PROJECTS\XXXUI\XUI\XUI\CXIMAGE\PNG\DEBUG\PNGRIO.OBJ
W:\PROJECTS\XXXUI\XUI\XUI\CXIMAGE\PNG\DEBUG\PNGRTRAN.OBJ
W:\PROJECTS\XXXUI\XUI\XUI\CXIMAGE\PNG\DEBUG\PNGRUTIL.OBJ
W:\PROJECTS\XXXUI\XUI\XUI\CXIMAGE\PNG\DEBUG\PNGSET.OBJ
W:\PROJECTS\XXXUI\XUI\XUI\CXIMAGE\PNG\DEBUG\PNGTRANS.OBJ
W:\PROJECTS\XXXUI\XUI\XUI\CXIMAGE\PNG\DEBUG\PNGWIO.OBJ
W:\PROJECTS\XXXUI\XUI\XUI\CXIMAGE\PNG\DEBUG\PNGWRITE.OBJ
W:\PROJECTS\XXXUI\XUI\XUI\CXIMAGE\PNG\DEBUG\PNGWTRAN.OBJ
W:\PROJECTS\XXXUI\XUI\XUI\CXIMAGE\PNG\DEBUG\PNGWUTIL.OBJ
W:\PROJECTS\XXXUI\XUI\XUI\CXIMAGE\PNG\DEBUG\VC110.PDB
W:\PROJECTS\XXXUI\XUI\XUI\CXIMAGE\DEBUG\PNG.LIB
W:\Projects\XXXUI\XUI\XUI\CXImage\png\Debug\png.obj
W:\Projects\XXXUI\XUI\XUI\CXImage\png\Debug\pngerror.obj
W:\Projects\XXXUI\XUI\XUI\CXImage\png\Debug\pngget.obj
W:\Projects\XXXUI\XUI\XUI\CXImage\png\Debug\pngmem.obj
W:\Projects\XXXUI\XUI\XUI\CXImage\png\Debug\pngpread.obj
W:\Projects\XXXUI\XUI\XUI\CXImage\png\Debug\pngread.obj
W:\Projects\XXXUI\XUI\XUI\CXImage\png\Debug\pngrio.obj
W:\Projects\XXXUI\XUI\XUI\CXImage\png\Debug\pngrtran.obj
W:\Projects\XXXUI\XUI\XUI\CXImage\png\Debug\pngrutil.obj
W:\Projects\XXXUI\XUI\XUI\CXImage\png\Debug\pngset.obj
W:\Projects\XXXUI\XUI\XUI\CXImage\png\Debug\pngtrans.obj
W:\Projects\XXXUI\XUI\XUI\CXImage\png\Debug\pngwio.obj
W:\Projects\XXXUI\XUI\XUI\CXImage\png\Debug\pngwrite.obj
W:\Projects\XXXUI\XUI\XUI\CXImage\png\Debug\pngwtran.obj
W:\Projects\XXXUI\XUI\XUI\CXImage\png\Debug\pngwutil.obj
W:\Projects\XXXUI\XUI\XUI\CXImage\png\Debug\cl.command.1.tlog
W:\Projects\XXXUI\XUI\XUI\CXImage\png\Debug\CL.read.1.tlog
W:\Projects\XXXUI\XUI\XUI\CXImage\png\Debug\CL.write.1.tlog
W:\Projects\XXXUI\XUI\XUI\CXImage\png\Debug\Lib-link.read.1.tlog
W:\Projects\XXXUI\XUI\XUI\CXImage\png\Debug\Lib-link.write.1.tlog
W:\Projects\XXXUI\XUI\XUI\CXImage\png\Debug\lib.command.1.tlog
W:\Projects\XXXUI\XUI\XUI\CXImage\png\Debug\vc110.idb
W:\Projects\XXXUI\XUI\XUI\CXImage\png\Debug\vc110.pdb
W:\Projects\XXXUI\XUI\XUI\CXImage\Debug\png.lib
