Build started 2013/2/24 11:22:49.
     1>Project "W:\Projects\XXXUI\XUI\XUI\CXImage\jpeg\jpeg.vcxproj" on node 3 (Build target(s)).
     1>Lib:
         W:\Program Files (x86)\Microsoft Visual Studio 11.0\VC\bin\Lib.exe /OUT:"W:\Projects\XXXUI\XUI\XUI\CXImage\Release\jpeg.lib" /NOLOGO /LTCG Release\jaricom.obj
         Release\jcapimin.obj
         Release\jcapistd.obj
         Release\jcarith.obj
         Release\jccoefct.obj
         Release\jccolor.obj
         Release\jcdctmgr.obj
         Release\jchuff.obj
         Release\jcinit.obj
         Release\jcmainct.obj
         Release\jcmarker.obj
         Release\jcmaster.obj
         Release\jcomapi.obj
         Release\jcparam.obj
         Release\jcprepct.obj
         Release\jcsample.obj
         Release\jctrans.obj
         Release\jdapimin.obj
         Release\jdapistd.obj
         Release\jdarith.obj
         Release\jdatadst.obj
         Release\jdatasrc.obj
         Release\jdcoefct.obj
         Release\jdcolor.obj
         Release\jddctmgr.obj
         Release\jdhuff.obj
         Release\jdinput.obj
         Release\jdmainct.obj
         Release\jdmarker.obj
         Release\jdmaster.obj
         Release\jdmerge.obj
         Release\jdpostct.obj
         Release\jdsample.obj
         Release\jdtrans.obj
         Release\jerror.obj
         Release\jfdctflt.obj
         Release\jfdctfst.obj
         Release\jfdctint.obj
         Release\jidctflt.obj
         Release\jidctfst.obj
         Release\jidctint.obj
         Release\jmemmgr.obj
         Release\jmemnobs.obj
         Release\jquant1.obj
         Release\jquant2.obj
         Release\jutils.obj
         jpeg.vcxproj -> W:\Projects\XXXUI\XUI\XUI\CXImage\Release\jpeg.lib
     1>Done Building Project "W:\Projects\XXXUI\XUI\XUI\CXImage\jpeg\jpeg.vcxproj" (Build target(s)).

Build succeeded.

Time Elapsed 00:00:00.21
