Build started 2013/2/24 10:40:03.
     1>Project "W:\Projects\XXXUI\XUI\XUI\CXImage\CxImage\cximage.vcxproj" on node 2 (Build target(s)).
     1>ClCompile:
         W:\Program Files (x86)\Microsoft Visual Studio 11.0\VC\bin\CL.exe /c /I..\jpeg /I..\png /I..\zlib /I..\mng /I..\tiff /I..\j2k /I..\jasper\include /ZI /nologo /W3 /WX- /Od /Oy- /D WIN32 /D _DEBUG /D _LIB /D JAS_WIN_MSVC_BUILD /D _CRT_SECURE_NO_DEPRECATE /D _UNICODE /D UNICODE /Gm /EHsc /RTC1 /MDd /GS /fp:precise /Zc:wchar_t /Zc:forScope /Fo"Debug\\" /Fd"Debug\vc110.pdb" /Gd /TP /analyze- /errorReport:prompt tif_xfile.cpp ximabmp.cpp ximadsp.cpp ximaenc.cpp ximaexif.cpp ximage.cpp ximagif.cpp ximahist.cpp ximaico.cpp ximainfo.cpp ximaint.cpp ximajas.cpp ximajbg.cpp ximajpg.cpp ximalpha.cpp ximalyr.cpp ximamng.cpp ximapal.cpp ximapcx.cpp ximapng.cpp ximapsd.cpp ximaraw.cpp ximasel.cpp ximaska.cpp ximatga.cpp ximath.cpp ximatif.cpp ximatran.cpp ximawbmp.cpp ximawmf.cpp ximawnd.cpp xmemfile.cpp
         xmemfile.cpp
         ximawnd.cpp
         ximawmf.cpp
         ximawbmp.cpp
         ximatran.cpp
         ximatif.cpp
         ximath.cpp
         ximatga.cpp
         ximaska.cpp
         ximasel.cpp
         ximaraw.cpp
         ximapsd.cpp
     1>w:\projects\xxxui\xui\xui\cximage\cximage\ximapsd.cpp : warning C4819: The file contains a character that cannot be represented in the current code page (936). Save the file in Unicode format to prevent data loss
         ximapng.cpp
         ximapcx.cpp
         ximapal.cpp
         ximamng.cpp
         ximalyr.cpp
         ximalpha.cpp
         ximajpg.cpp
         ximajbg.cpp
         Generating Code...
         Compiling...
         ximajas.cpp
         ximaint.cpp
         ximainfo.cpp
         ximaico.cpp
         ximahist.cpp
         ximagif.cpp
         ximage.cpp
         ximaexif.cpp
         ximaenc.cpp
         ximadsp.cpp
     1>w:\projects\xxxui\xui\xui\cximage\cximage\ximadsp.cpp(2910): warning C4819: The file contains a character that cannot be represented in the current code page (936). Save the file in Unicode format to prevent data loss
         ximabmp.cpp
         tif_xfile.cpp
         Generating Code...
       Lib:
         W:\Program Files (x86)\Microsoft Visual Studio 11.0\VC\bin\Lib.exe /OUT:"W:\Projects\XXXUI\XUI\XUI\CXImage\Debug\cximage.lib" /NOLOGO Debug\tif_xfile.obj
         Debug\ximabmp.obj
         Debug\ximadsp.obj
         Debug\ximaenc.obj
         Debug\ximaexif.obj
         Debug\ximage.obj
         Debug\ximagif.obj
         Debug\ximahist.obj
         Debug\ximaico.obj
         Debug\ximainfo.obj
         Debug\ximaint.obj
         Debug\ximajas.obj
         Debug\ximajbg.obj
         Debug\ximajpg.obj
         Debug\ximalpha.obj
         Debug\ximalyr.obj
         Debug\ximamng.obj
         Debug\ximapal.obj
         Debug\ximapcx.obj
         Debug\ximapng.obj
         Debug\ximapsd.obj
         Debug\ximaraw.obj
         Debug\ximasel.obj
         Debug\ximaska.obj
         Debug\ximatga.obj
         Debug\ximath.obj
         Debug\ximatif.obj
         Debug\ximatran.obj
         Debug\ximawbmp.obj
         Debug\ximawmf.obj
         Debug\ximawnd.obj
         Debug\xmemfile.obj
         cximage.vcxproj -> W:\Projects\XXXUI\XUI\XUI\CXImage\Debug\cximage.lib
     1>Done Building Project "W:\Projects\XXXUI\XUI\XUI\CXImage\CxImage\cximage.vcxproj" (Build target(s)).

Build succeeded.

Time Elapsed 00:00:18.78
