W:\PROJECTS\XXXUI\XUI\XUI\CXIMAGE\CXIMAGE\DEBUG\XMEMFILE.OBJ
W:\PROJECTS\XXXUI\XUI\XUI\CXIMAGE\CXIMAGE\DEBUG\XIMAJBG.OBJ
W:\PROJECTS\XXXUI\XUI\XUI\CXIMAGE\CXIMAGE\DEBUG\XIMAJPG.OBJ
W:\PROJECTS\XXXUI\XUI\XUI\CXIMAGE\CXIMAGE\DEBUG\XIMALPHA.OBJ
W:\PROJECTS\XXXUI\XUI\XUI\CXIMAGE\CXIMAGE\DEBUG\XIMALYR.OBJ
W:\PROJECTS\XXXUI\XUI\XUI\CXIMAGE\CXIMAGE\DEBUG\XIMAMNG.OBJ
W:\PROJECTS\XXXUI\XUI\XUI\CXIMAGE\CXIMAGE\DEBUG\XIMAPAL.OBJ
W:\PROJECTS\XXXUI\XUI\XUI\CXIMAGE\CXIMAGE\DEBUG\XIMAPCX.OBJ
W:\PROJECTS\XXXUI\XUI\XUI\CXIMAGE\CXIMAGE\DEBUG\XIMAPNG.OBJ
W:\PROJECTS\XXXUI\XUI\XUI\CXIMAGE\CXIMAGE\DEBUG\XIMAPSD.OBJ
W:\PROJECTS\XXXUI\XUI\XUI\CXIMAGE\CXIMAGE\DEBUG\XIMARAW.OBJ
W:\PROJECTS\XXXUI\XUI\XUI\CXIMAGE\CXIMAGE\DEBUG\XIMASEL.OBJ
W:\PROJECTS\XXXUI\XUI\XUI\CXIMAGE\CXIMAGE\DEBUG\XIMASKA.OBJ
W:\PROJECTS\XXXUI\XUI\XUI\CXIMAGE\CXIMAGE\DEBUG\XIMATGA.OBJ
W:\PROJECTS\XXXUI\XUI\XUI\CXIMAGE\CXIMAGE\DEBUG\XIMATH.OBJ
W:\PROJECTS\XXXUI\XUI\XUI\CXIMAGE\CXIMAGE\DEBUG\XIMATIF.OBJ
W:\PROJECTS\XXXUI\XUI\XUI\CXIMAGE\CXIMAGE\DEBUG\XIMATRAN.OBJ
W:\PROJECTS\XXXUI\XUI\XUI\CXIMAGE\CXIMAGE\DEBUG\XIMAWBMP.OBJ
W:\PROJECTS\XXXUI\XUI\XUI\CXIMAGE\CXIMAGE\DEBUG\XIMAWMF.OBJ
W:\PROJECTS\XXXUI\XUI\XUI\CXIMAGE\CXIMAGE\DEBUG\XIMAWND.OBJ
W:\PROJECTS\XXXUI\XUI\XUI\CXIMAGE\CXIMAGE\DEBUG\TIF_XFILE.OBJ
W:\PROJECTS\XXXUI\XUI\XUI\CXIMAGE\CXIMAGE\DEBUG\XIMABMP.OBJ
W:\PROJECTS\XXXUI\XUI\XUI\CXIMAGE\CXIMAGE\DEBUG\XIMADSP.OBJ
W:\PROJECTS\XXXUI\XUI\XUI\CXIMAGE\CXIMAGE\DEBUG\XIMAENC.OBJ
W:\PROJECTS\XXXUI\XUI\XUI\CXIMAGE\CXIMAGE\DEBUG\XIMAEXIF.OBJ
W:\PROJECTS\XXXUI\XUI\XUI\CXIMAGE\CXIMAGE\DEBUG\XIMAGE.OBJ
W:\PROJECTS\XXXUI\XUI\XUI\CXIMAGE\CXIMAGE\DEBUG\XIMAGIF.OBJ
W:\PROJECTS\XXXUI\XUI\XUI\CXIMAGE\CXIMAGE\DEBUG\XIMAHIST.OBJ
W:\PROJECTS\XXXUI\XUI\XUI\CXIMAGE\CXIMAGE\DEBUG\XIMAICO.OBJ
W:\PROJECTS\XXXUI\XUI\XUI\CXIMAGE\CXIMAGE\DEBUG\XIMAINFO.OBJ
W:\PROJECTS\XXXUI\XUI\XUI\CXIMAGE\CXIMAGE\DEBUG\XIMAINT.OBJ
W:\PROJECTS\XXXUI\XUI\XUI\CXIMAGE\CXIMAGE\DEBUG\XIMAJAS.OBJ
W:\PROJECTS\XXXUI\XUI\XUI\CXIMAGE\CXIMAGE\DEBUG\VC110.PDB
W:\PROJECTS\XXXUI\XUI\XUI\CXIMAGE\DEBUG\CXIMAGE.LIB
W:\Projects\XXXUI\XUI\XUI\CXImage\CxImage\Debug\tif_xfile.obj
W:\Projects\XXXUI\XUI\XUI\CXImage\CxImage\Debug\ximabmp.obj
W:\Projects\XXXUI\XUI\XUI\CXImage\CxImage\Debug\ximadsp.obj
W:\Projects\XXXUI\XUI\XUI\CXImage\CxImage\Debug\ximaenc.obj
W:\Projects\XXXUI\XUI\XUI\CXImage\CxImage\Debug\ximaexif.obj
W:\Projects\XXXUI\XUI\XUI\CXImage\CxImage\Debug\ximage.obj
W:\Projects\XXXUI\XUI\XUI\CXImage\CxImage\Debug\ximagif.obj
W:\Projects\XXXUI\XUI\XUI\CXImage\CxImage\Debug\ximahist.obj
W:\Projects\XXXUI\XUI\XUI\CXImage\CxImage\Debug\ximaico.obj
W:\Projects\XXXUI\XUI\XUI\CXImage\CxImage\Debug\ximainfo.obj
W:\Projects\XXXUI\XUI\XUI\CXImage\CxImage\Debug\ximaint.obj
W:\Projects\XXXUI\XUI\XUI\CXImage\CxImage\Debug\ximajas.obj
W:\Projects\XXXUI\XUI\XUI\CXImage\CxImage\Debug\ximajbg.obj
W:\Projects\XXXUI\XUI\XUI\CXImage\CxImage\Debug\ximajpg.obj
W:\Projects\XXXUI\XUI\XUI\CXImage\CxImage\Debug\ximalpha.obj
W:\Projects\XXXUI\XUI\XUI\CXImage\CxImage\Debug\ximalyr.obj
W:\Projects\XXXUI\XUI\XUI\CXImage\CxImage\Debug\ximamng.obj
W:\Projects\XXXUI\XUI\XUI\CXImage\CxImage\Debug\ximapal.obj
W:\Projects\XXXUI\XUI\XUI\CXImage\CxImage\Debug\ximapcx.obj
W:\Projects\XXXUI\XUI\XUI\CXImage\CxImage\Debug\ximapng.obj
W:\Projects\XXXUI\XUI\XUI\CXImage\CxImage\Debug\ximapsd.obj
W:\Projects\XXXUI\XUI\XUI\CXImage\CxImage\Debug\ximaraw.obj
W:\Projects\XXXUI\XUI\XUI\CXImage\CxImage\Debug\ximasel.obj
W:\Projects\XXXUI\XUI\XUI\CXImage\CxImage\Debug\ximaska.obj
W:\Projects\XXXUI\XUI\XUI\CXImage\CxImage\Debug\ximatga.obj
W:\Projects\XXXUI\XUI\XUI\CXImage\CxImage\Debug\ximath.obj
W:\Projects\XXXUI\XUI\XUI\CXImage\CxImage\Debug\ximatif.obj
W:\Projects\XXXUI\XUI\XUI\CXImage\CxImage\Debug\ximatran.obj
W:\Projects\XXXUI\XUI\XUI\CXImage\CxImage\Debug\ximawbmp.obj
W:\Projects\XXXUI\XUI\XUI\CXImage\CxImage\Debug\ximawmf.obj
W:\Projects\XXXUI\XUI\XUI\CXImage\CxImage\Debug\ximawnd.obj
W:\Projects\XXXUI\XUI\XUI\CXImage\CxImage\Debug\xmemfile.obj
W:\Projects\XXXUI\XUI\XUI\CXImage\CxImage\Debug\cl.command.1.tlog
W:\Projects\XXXUI\XUI\XUI\CXImage\CxImage\Debug\CL.read.1.tlog
W:\Projects\XXXUI\XUI\XUI\CXImage\CxImage\Debug\CL.write.1.tlog
W:\Projects\XXXUI\XUI\XUI\CXImage\CxImage\Debug\Lib-link.read.1.tlog
W:\Projects\XXXUI\XUI\XUI\CXImage\CxImage\Debug\Lib-link.write.1.tlog
W:\Projects\XXXUI\XUI\XUI\CXImage\CxImage\Debug\lib.command.1.tlog
W:\Projects\XXXUI\XUI\XUI\CXImage\CxImage\Debug\vc110.idb
W:\Projects\XXXUI\XUI\XUI\CXImage\CxImage\Debug\vc110.pdb
W:\Projects\XXXUI\XUI\XUI\CXImage\Debug\cximage.lib
