W:\PROJECTS\XXXUI\XUI\XUI\CXIMAGE\CXIMAGE\RELEASE\XIMAPNG.OBJ
W:\PROJECTS\XXXUI\XUI\XUI\CXIMAGE\CXIMAGE\RELEASE\XIMAPCX.OBJ
W:\PROJECTS\XXXUI\XUI\XUI\CXIMAGE\CXIMAGE\RELEASE\XIMAPAL.OBJ
W:\PROJECTS\XXXUI\XUI\XUI\CXIMAGE\CXIMAGE\RELEASE\XIMAMNG.OBJ
W:\PROJECTS\XXXUI\XUI\XUI\CXIMAGE\CXIMAGE\RELEASE\XIMALYR.OBJ
W:\PROJECTS\XXXUI\XUI\XUI\CXIMAGE\CXIMAGE\RELEASE\XIMALPHA.OBJ
W:\PROJECTS\XXXUI\XUI\XUI\CXIMAGE\CXIMAGE\RELEASE\XIMAJPG.OBJ
W:\PROJECTS\XXXUI\XUI\XUI\CXIMAGE\CXIMAGE\RELEASE\XIMAJBG.OBJ
W:\PROJECTS\XXXUI\XUI\XUI\CXIMAGE\CXIMAGE\RELEASE\XIMAJAS.OBJ
W:\PROJECTS\XXXUI\XUI\XUI\CXIMAGE\CXIMAGE\RELEASE\XIMAINT.OBJ
W:\PROJECTS\XXXUI\XUI\XUI\CXIMAGE\CXIMAGE\RELEASE\XIMAINFO.OBJ
W:\PROJECTS\XXXUI\XUI\XUI\CXIMAGE\CXIMAGE\RELEASE\XIMAICO.OBJ
W:\PROJECTS\XXXUI\XUI\XUI\CXIMAGE\CXIMAGE\RELEASE\XIMAHIST.OBJ
W:\PROJECTS\XXXUI\XUI\XUI\CXIMAGE\CXIMAGE\RELEASE\XIMAGIF.OBJ
W:\PROJECTS\XXXUI\XUI\XUI\CXIMAGE\CXIMAGE\RELEASE\XIMAGE.OBJ
W:\PROJECTS\XXXUI\XUI\XUI\CXIMAGE\CXIMAGE\RELEASE\XIMAEXIF.OBJ
W:\PROJECTS\XXXUI\XUI\XUI\CXIMAGE\CXIMAGE\RELEASE\XIMAENC.OBJ
W:\PROJECTS\XXXUI\XUI\XUI\CXIMAGE\CXIMAGE\RELEASE\XIMADSP.OBJ
W:\PROJECTS\XXXUI\XUI\XUI\CXIMAGE\CXIMAGE\RELEASE\XIMABMP.OBJ
W:\PROJECTS\XXXUI\XUI\XUI\CXIMAGE\CXIMAGE\RELEASE\TIF_XFILE.OBJ
W:\PROJECTS\XXXUI\XUI\XUI\CXIMAGE\CXIMAGE\RELEASE\XMEMFILE.OBJ
W:\PROJECTS\XXXUI\XUI\XUI\CXIMAGE\CXIMAGE\RELEASE\XIMAWND.OBJ
W:\PROJECTS\XXXUI\XUI\XUI\CXIMAGE\CXIMAGE\RELEASE\XIMAWMF.OBJ
W:\PROJECTS\XXXUI\XUI\XUI\CXIMAGE\CXIMAGE\RELEASE\XIMAWBMP.OBJ
W:\PROJECTS\XXXUI\XUI\XUI\CXIMAGE\CXIMAGE\RELEASE\XIMATRAN.OBJ
W:\PROJECTS\XXXUI\XUI\XUI\CXIMAGE\CXIMAGE\RELEASE\XIMATIF.OBJ
W:\PROJECTS\XXXUI\XUI\XUI\CXIMAGE\CXIMAGE\RELEASE\XIMATH.OBJ
W:\PROJECTS\XXXUI\XUI\XUI\CXIMAGE\CXIMAGE\RELEASE\XIMATGA.OBJ
W:\PROJECTS\XXXUI\XUI\XUI\CXIMAGE\CXIMAGE\RELEASE\XIMASKA.OBJ
W:\PROJECTS\XXXUI\XUI\XUI\CXIMAGE\CXIMAGE\RELEASE\XIMASEL.OBJ
W:\PROJECTS\XXXUI\XUI\XUI\CXIMAGE\CXIMAGE\RELEASE\XIMARAW.OBJ
W:\PROJECTS\XXXUI\XUI\XUI\CXIMAGE\CXIMAGE\RELEASE\XIMAPSD.OBJ
W:\PROJECTS\XXXUI\XUI\XUI\CXIMAGE\CXIMAGE\RELEASE\VC110.PDB
W:\PROJECTS\XXXUI\XUI\XUI\CXIMAGE\RELEASE\CXIMAGE.LIB
W:\Projects\XXXUI\XUI\XUI\CXImage\CxImage\Release\tif_xfile.obj
W:\Projects\XXXUI\XUI\XUI\CXImage\CxImage\Release\ximabmp.obj
W:\Projects\XXXUI\XUI\XUI\CXImage\CxImage\Release\ximadsp.obj
W:\Projects\XXXUI\XUI\XUI\CXImage\CxImage\Release\ximaenc.obj
W:\Projects\XXXUI\XUI\XUI\CXImage\CxImage\Release\ximaexif.obj
W:\Projects\XXXUI\XUI\XUI\CXImage\CxImage\Release\ximage.obj
W:\Projects\XXXUI\XUI\XUI\CXImage\CxImage\Release\ximagif.obj
W:\Projects\XXXUI\XUI\XUI\CXImage\CxImage\Release\ximahist.obj
W:\Projects\XXXUI\XUI\XUI\CXImage\CxImage\Release\ximaico.obj
W:\Projects\XXXUI\XUI\XUI\CXImage\CxImage\Release\ximainfo.obj
W:\Projects\XXXUI\XUI\XUI\CXImage\CxImage\Release\ximaint.obj
W:\Projects\XXXUI\XUI\XUI\CXImage\CxImage\Release\ximajas.obj
W:\Projects\XXXUI\XUI\XUI\CXImage\CxImage\Release\ximajbg.obj
W:\Projects\XXXUI\XUI\XUI\CXImage\CxImage\Release\ximajpg.obj
W:\Projects\XXXUI\XUI\XUI\CXImage\CxImage\Release\ximalpha.obj
W:\Projects\XXXUI\XUI\XUI\CXImage\CxImage\Release\ximalyr.obj
W:\Projects\XXXUI\XUI\XUI\CXImage\CxImage\Release\ximamng.obj
W:\Projects\XXXUI\XUI\XUI\CXImage\CxImage\Release\ximapal.obj
W:\Projects\XXXUI\XUI\XUI\CXImage\CxImage\Release\ximapcx.obj
W:\Projects\XXXUI\XUI\XUI\CXImage\CxImage\Release\ximapng.obj
W:\Projects\XXXUI\XUI\XUI\CXImage\CxImage\Release\ximapsd.obj
W:\Projects\XXXUI\XUI\XUI\CXImage\CxImage\Release\ximaraw.obj
W:\Projects\XXXUI\XUI\XUI\CXImage\CxImage\Release\ximasel.obj
W:\Projects\XXXUI\XUI\XUI\CXImage\CxImage\Release\ximaska.obj
W:\Projects\XXXUI\XUI\XUI\CXImage\CxImage\Release\ximatga.obj
W:\Projects\XXXUI\XUI\XUI\CXImage\CxImage\Release\ximath.obj
W:\Projects\XXXUI\XUI\XUI\CXImage\CxImage\Release\ximatif.obj
W:\Projects\XXXUI\XUI\XUI\CXImage\CxImage\Release\ximatran.obj
W:\Projects\XXXUI\XUI\XUI\CXImage\CxImage\Release\ximawbmp.obj
W:\Projects\XXXUI\XUI\XUI\CXImage\CxImage\Release\ximawmf.obj
W:\Projects\XXXUI\XUI\XUI\CXImage\CxImage\Release\ximawnd.obj
W:\Projects\XXXUI\XUI\XUI\CXImage\CxImage\Release\xmemfile.obj
W:\Projects\XXXUI\XUI\XUI\CXImage\CxImage\Release\cl.command.1.tlog
W:\Projects\XXXUI\XUI\XUI\CXImage\CxImage\Release\CL.read.1.tlog
W:\Projects\XXXUI\XUI\XUI\CXImage\CxImage\Release\CL.write.1.tlog
W:\Projects\XXXUI\XUI\XUI\CXImage\CxImage\Release\Lib-link.read.1.tlog
W:\Projects\XXXUI\XUI\XUI\CXImage\CxImage\Release\Lib-link.write.1.tlog
W:\Projects\XXXUI\XUI\XUI\CXImage\CxImage\Release\lib.command.1.tlog
W:\Projects\XXXUI\XUI\XUI\CXImage\CxImage\Release\vc110.pdb
W:\Projects\XXXUI\XUI\XUI\CXImage\Release\cximage.lib
