W:\PROJECTS\XXXUI\XUI\XUI\CXIMAGE\DEMO\DEBUG\DEMODLL.PCH
W:\PROJECTS\XXXUI\XUI\XUI\CXIMAGE\DEMO\DEBUG\STDAFX.OBJ
W:\PROJECTS\XXXUI\XUI\XUI\CXIMAGE\DEMO\DEBUG\VC110.PDB
W:\PROJECTS\XXXUI\XUI\XUI\CXIMAGE\DEMO\DEBUG\DEMO.PCH
W:\PROJECTS\XXXUI\XUI\XUI\CXIMAGE\DEMO\DEBUG\DLGOPACITY.OBJ
W:\PROJECTS\XXXUI\XUI\XUI\CXIMAGE\DEMO\DEBUG\DLGOPTIONS.OBJ
W:\PROJECTS\XXXUI\XUI\XUI\CXIMAGE\DEMO\DEBUG\DLGPALETTE.OBJ
W:\PROJECTS\XXXUI\XUI\XUI\CXIMAGE\DEMO\DEBUG\DLGREPAIR.OBJ
W:\PROJECTS\XXXUI\XUI\XUI\CXIMAGE\DEMO\DEBUG\DLGRESAMPLE.OBJ
W:\PROJECTS\XXXUI\XUI\XUI\CXIMAGE\DEMO\DEBUG\DLGROTATE.OBJ
W:\PROJECTS\XXXUI\XUI\XUI\CXIMAGE\DEMO\DEBUG\DLGSHADOW.OBJ
W:\PROJECTS\XXXUI\XUI\XUI\CXIMAGE\DEMO\DEBUG\DLGSKEW.OBJ
W:\PROJECTS\XXXUI\XUI\XUI\CXIMAGE\DEMO\DEBUG\DLGTEXT.OBJ
W:\PROJECTS\XXXUI\XUI\XUI\CXIMAGE\DEMO\DEBUG\DLGTHRESHOLD.OBJ
W:\PROJECTS\XXXUI\XUI\XUI\CXIMAGE\DEMO\DEBUG\DLGURL.OBJ
W:\PROJECTS\XXXUI\XUI\XUI\CXIMAGE\DEMO\DEBUG\MAINFRM.OBJ
W:\PROJECTS\XXXUI\XUI\XUI\CXIMAGE\DEMO\DEBUG\QUANTIZE.OBJ
W:\PROJECTS\XXXUI\XUI\XUI\CXIMAGE\DEMO\DEBUG\TWAINCPP.OBJ
W:\PROJECTS\XXXUI\XUI\XUI\CXIMAGE\DEMO\DEBUG\DLGCAPTURE.OBJ
W:\PROJECTS\XXXUI\XUI\XUI\CXIMAGE\DEMO\DEBUG\XTARGETBUTTON.OBJ
W:\PROJECTS\XXXUI\XUI\XUI\CXIMAGE\DEMO\DEBUG\BCMENU.OBJ
W:\PROJECTS\XXXUI\XUI\XUI\CXIMAGE\DEMO\DEBUG\CHILDFRM.OBJ
W:\PROJECTS\XXXUI\XUI\XUI\CXIMAGE\DEMO\DEBUG\DLGCOMBINE.OBJ
W:\PROJECTS\XXXUI\XUI\XUI\CXIMAGE\DEMO\DEBUG\DLGCUSTOMFILTER.OBJ
W:\PROJECTS\XXXUI\XUI\XUI\CXIMAGE\DEMO\DEBUG\DLGDECBPP.OBJ
W:\PROJECTS\XXXUI\XUI\XUI\CXIMAGE\DEMO\DEBUG\DLGDITHER.OBJ
W:\PROJECTS\XXXUI\XUI\XUI\CXIMAGE\DEMO\DEBUG\DLGEXPAND.OBJ
W:\PROJECTS\XXXUI\XUI\XUI\CXIMAGE\DEMO\DEBUG\DLGFFT.OBJ
W:\PROJECTS\XXXUI\XUI\XUI\CXIMAGE\DEMO\DEBUG\DLGFLOODFILL.OBJ
W:\PROJECTS\XXXUI\XUI\XUI\CXIMAGE\DEMO\DEBUG\DLGGAMMA.OBJ
W:\PROJECTS\XXXUI\XUI\XUI\CXIMAGE\DEMO\DEBUG\DLGINCBPP.OBJ
W:\PROJECTS\XXXUI\XUI\XUI\CXIMAGE\DEMO\DEBUG\DLGJPEG.OBJ
W:\PROJECTS\XXXUI\XUI\XUI\CXIMAGE\DEMO\DEBUG\DLGCOLORIZE.OBJ
W:\PROJECTS\XXXUI\XUI\XUI\CXIMAGE\DEMO\DEBUG\DLGDATAEXT.OBJ
W:\PROJECTS\XXXUI\XUI\XUI\CXIMAGE\DEMO\DEBUG\DLGHISTO.OBJ
W:\PROJECTS\XXXUI\XUI\XUI\CXIMAGE\DEMO\DEBUG\DLGMIX.OBJ
W:\PROJECTS\XXXUI\XUI\XUI\CXIMAGE\DEMO\DEBUG\DEMO.OBJ
W:\PROJECTS\XXXUI\XUI\XUI\CXIMAGE\DEMO\DEBUG\DEMODOC.OBJ
W:\PROJECTS\XXXUI\XUI\XUI\CXIMAGE\DEMO\DEBUG\DEMOVIEW.OBJ
W:\PROJECTS\XXXUI\XUI\XUI\CXIMAGE\DEMO\DEBUG\LOGOMDI.OBJ
W:\Projects\XXXUI\XUI\XUI\CXImage\Debug\demo.lib
W:\Projects\XXXUI\XUI\XUI\CXImage\Debug\demo.exp
W:\PROJECTS\XXXUI\XUI\XUI\CXIMAGE\BIN\DEMOD.ILK
W:\PROJECTS\XXXUI\XUI\XUI\CXIMAGE\BIN\DEMOD.EXE
W:\PROJECTS\XXXUI\XUI\XUI\CXIMAGE\DEBUG\DEMO.PDB
W:\PROJECTS\XXXUI\XUI\XUI\CXIMAGE\DEMO\DEBUG\DEMO.RES
W:\Projects\XXXUI\XUI\XUI\CXImage\demo\Debug\BCMenu.obj
W:\Projects\XXXUI\XUI\XUI\CXImage\demo\Debug\ChildFrm.obj
W:\Projects\XXXUI\XUI\XUI\CXImage\demo\Debug\demo.obj
W:\Projects\XXXUI\XUI\XUI\CXImage\demo\Debug\demoDoc.obj
W:\Projects\XXXUI\XUI\XUI\CXImage\demo\Debug\demoView.obj
W:\Projects\XXXUI\XUI\XUI\CXImage\demo\Debug\dlgcapture.obj
W:\Projects\XXXUI\XUI\XUI\CXImage\demo\Debug\DlgColorize.obj
W:\Projects\XXXUI\XUI\XUI\CXImage\demo\Debug\DlgCombine.obj
W:\Projects\XXXUI\XUI\XUI\CXImage\demo\Debug\DlgCustomFilter.obj
W:\Projects\XXXUI\XUI\XUI\CXImage\demo\Debug\DlgDataExt.obj
W:\Projects\XXXUI\XUI\XUI\CXImage\demo\Debug\DlgDecBpp.obj
W:\Projects\XXXUI\XUI\XUI\CXImage\demo\Debug\DlgDither.obj
W:\Projects\XXXUI\XUI\XUI\CXImage\demo\Debug\DlgExpand.obj
W:\Projects\XXXUI\XUI\XUI\CXImage\demo\Debug\DlgFFT.obj
W:\Projects\XXXUI\XUI\XUI\CXImage\demo\Debug\DlgFloodFill.obj
W:\Projects\XXXUI\XUI\XUI\CXImage\demo\Debug\DlgGamma.obj
W:\Projects\XXXUI\XUI\XUI\CXImage\demo\Debug\DlgHisto.obj
W:\Projects\XXXUI\XUI\XUI\CXImage\demo\Debug\DlgIncBpp.obj
W:\Projects\XXXUI\XUI\XUI\CXImage\demo\Debug\DlgJpeg.obj
W:\Projects\XXXUI\XUI\XUI\CXImage\demo\Debug\DlgMix.obj
W:\Projects\XXXUI\XUI\XUI\CXImage\demo\Debug\DlgOpacity.obj
W:\Projects\XXXUI\XUI\XUI\CXImage\demo\Debug\DlgOptions.obj
W:\Projects\XXXUI\XUI\XUI\CXImage\demo\Debug\DlgPalette.obj
W:\Projects\XXXUI\XUI\XUI\CXImage\demo\Debug\DlgRepair.obj
W:\Projects\XXXUI\XUI\XUI\CXImage\demo\Debug\DlgResample.obj
W:\Projects\XXXUI\XUI\XUI\CXImage\demo\Debug\DlgRotate.obj
W:\Projects\XXXUI\XUI\XUI\CXImage\demo\Debug\DlgShadow.obj
W:\Projects\XXXUI\XUI\XUI\CXImage\demo\Debug\DlgSkew.obj
W:\Projects\XXXUI\XUI\XUI\CXImage\demo\Debug\DlgText.obj
W:\Projects\XXXUI\XUI\XUI\CXImage\demo\Debug\DlgThreshold.obj
W:\Projects\XXXUI\XUI\XUI\CXImage\demo\Debug\DlgURL.obj
W:\Projects\XXXUI\XUI\XUI\CXImage\demo\Debug\logomdi.obj
W:\Projects\XXXUI\XUI\XUI\CXImage\demo\Debug\MainFrm.obj
W:\Projects\XXXUI\XUI\XUI\CXImage\demo\Debug\Quantize.obj
W:\Projects\XXXUI\XUI\XUI\CXImage\demo\Debug\stdafx.obj
W:\Projects\XXXUI\XUI\XUI\CXImage\demo\Debug\TwainCpp.obj
W:\Projects\XXXUI\XUI\XUI\CXImage\demo\Debug\xTargetButton.obj
W:\Projects\XXXUI\XUI\XUI\CXImage\demo\Debug\cl.command.1.tlog
W:\Projects\XXXUI\XUI\XUI\CXImage\demo\Debug\CL.read.1.tlog
W:\Projects\XXXUI\XUI\XUI\CXImage\demo\Debug\CL.write.1.tlog
W:\Projects\XXXUI\XUI\XUI\CXImage\demo\Debug\demo.write.1.tlog
W:\Projects\XXXUI\XUI\XUI\CXImage\demo\Debug\link-cvtres.read.1.tlog
W:\Projects\XXXUI\XUI\XUI\CXImage\demo\Debug\link-cvtres.write.1.tlog
W:\Projects\XXXUI\XUI\XUI\CXImage\demo\Debug\link-mt.read.1.tlog
W:\Projects\XXXUI\XUI\XUI\CXImage\demo\Debug\link-mt.write.1.tlog
W:\Projects\XXXUI\XUI\XUI\CXImage\demo\Debug\link-rc.read.1.tlog
W:\Projects\XXXUI\XUI\XUI\CXImage\demo\Debug\link-rc.write.1.tlog
W:\Projects\XXXUI\XUI\XUI\CXImage\demo\Debug\link.command.1.tlog
W:\Projects\XXXUI\XUI\XUI\CXImage\demo\Debug\link.read.1.tlog
W:\Projects\XXXUI\XUI\XUI\CXImage\demo\Debug\link.write.1.tlog
W:\Projects\XXXUI\XUI\XUI\CXImage\demo\Debug\rc.command.1.tlog
W:\Projects\XXXUI\XUI\XUI\CXImage\demo\Debug\rc.read.1.tlog
W:\Projects\XXXUI\XUI\XUI\CXImage\demo\Debug\rc.write.1.tlog
W:\Projects\XXXUI\XUI\XUI\CXImage\demo\Debug\demo.res
W:\Projects\XXXUI\XUI\XUI\CXImage\demo\Debug\demo.pch
W:\Projects\XXXUI\XUI\XUI\CXImage\demo\Debug\demodll.pch
W:\Projects\XXXUI\XUI\XUI\CXImage\demo\Debug\vc110.idb
W:\Projects\XXXUI\XUI\XUI\CXImage\demo\Debug\vc110.pdb
W:\Projects\XXXUI\XUI\XUI\CXImage\Debug\demodll.pdb
