Build started 2013/2/24 11:22:49.
     1>Project "W:\Projects\XXXUI\XUI\XUI\CXImage\jasper\jasper.vcxproj" on node 4 (Build target(s)).
     1>Lib:
         W:\Program Files (x86)\Microsoft Visual Studio 11.0\VC\bin\Lib.exe /OUT:"W:\Projects\XXXUI\XUI\XUI\CXImage\Release\jasper.lib" /NOLOGO /LTCG Release\jas_cm.obj
         Release\jas_debug.obj
         Release\jas_getopt.obj
         Release\jas_icc.obj
         Release\jas_iccdata.obj
         Release\jas_image.obj
         Release\jas_init.obj
         Release\jas_malloc.obj
         Release\jas_seq.obj
         Release\jas_stream.obj
         Release\jas_string.obj
         Release\jas_tvp.obj
         Release\jas_version.obj
         Release\bmp_cod.obj
         Release\bmp_dec.obj
         Release\bmp_enc.obj
         Release\jp2_cod.obj
         Release\jp2_dec.obj
         Release\jp2_enc.obj
         Release\jpc_bs.obj
         Release\jpc_cs.obj
         Release\jpc_dec.obj
         Release\jpc_enc.obj
         Release\jpc_math.obj
         Release\jpc_mct.obj
         Release\jpc_mqcod.obj
         Release\jpc_mqdec.obj
         Release\jpc_mqenc.obj
         Release\jpc_qmfb.obj
         Release\jpc_t1cod.obj
         Release\jpc_t1dec.obj
         Release\jpc_t1enc.obj
         Release\jpc_t2cod.obj
         Release\jpc_t2dec.obj
         Release\jpc_t2enc.obj
         Release\jpc_tagtree.obj
         Release\jpc_tsfb.obj
         Release\jpc_util.obj
         Release\jpg_dummy.obj
         Release\jpg_val.obj
         Release\mif_cod.obj
         Release\pgx_cod.obj
         Release\pgx_dec.obj
         Release\pgx_enc.obj
         Release\pnm_cod.obj
         Release\pnm_dec.obj
         Release\pnm_enc.obj
         Release\ras_cod.obj
         Release\ras_dec.obj
         Release\ras_enc.obj
         jasper.vcxproj -> W:\Projects\XXXUI\XUI\XUI\CXImage\Release\jasper.lib
     1>Done Building Project "W:\Projects\XXXUI\XUI\XUI\CXImage\jasper\jasper.vcxproj" (Build target(s)).

Build succeeded.

Time Elapsed 00:00:00.23
