Build started 2013/2/24 11:22:30.
     1>Project "W:\Projects\XXXUI\XUI\XUI\CXImage\jasper\jasper.vcxproj" on node 4 (Build target(s)).
     1>ClCompile:
         W:\Program Files (x86)\Microsoft Visual Studio 11.0\VC\bin\CL.exe /c /I.\include /ZI /nologo /W3 /WX- /Od /Oy- /D WIN32 /D _DEBUG /D _LIB /D JAS_WIN_MSVC_BUILD /D _CRT_SECURE_NO_DEPRECATE /D EXCLUDE_JPG_SUPPORT /D _UNICODE /D UNICODE /Gm /EHsc /RTC1 /MDd /GS /fp:precise /Zc:wchar_t /Zc:forScope /Fo"Debug\\" /Fd"Debug\vc110.pdb" /Gd /TC /analyze- /errorReport:prompt base\jas_cm.c base\jas_debug.c base\jas_getopt.c base\jas_icc.c base\jas_iccdata.c base\jas_image.c base\jas_init.c base\jas_malloc.c base\jas_seq.c base\jas_stream.c base\jas_string.c base\jas_tvp.c base\jas_version.c bmp\bmp_cod.c bmp\bmp_dec.c bmp\bmp_enc.c jp2\jp2_cod.c jp2\jp2_dec.c jp2\jp2_enc.c jpc\jpc_bs.c jpc\jpc_cs.c jpc\jpc_dec.c jpc\jpc_enc.c jpc\jpc_math.c jpc\jpc_mct.c jpc\jpc_mqcod.c jpc\jpc_mqdec.c jpc\jpc_mqenc.c jpc\jpc_qmfb.c jpc\jpc_t1cod.c jpc\jpc_t1dec.c jpc\jpc_t1enc.c jpc\jpc_t2cod.c jpc\jpc_t2dec.c jpc\jpc_t2enc.c jpc\jpc_tagtree.c jpc\jpc_tsfb.c jpc\jpc_util.c jpg\jpg_dummy.c jpg\jpg_val.c mif\mif_cod.c pgx\pgx_cod.c pgx\pgx_dec.c pgx\pgx_enc.c pnm\pnm_cod.c pnm\pnm_dec.c pnm\pnm_enc.c ras\ras_cod.c ras\ras_dec.c ras\ras_enc.c
         ras_enc.c
         ras_dec.c
         ras_cod.c
         pnm_enc.c
         pnm_dec.c
     1>w:\projects\xxxui\xui\xui\cximage\jasper\pnm\pnm_dec.c(360): warning C4244: '=' : conversion from 'int_fast64_t' to 'jas_seqent_t', possible loss of data
         pnm_cod.c
         pgx_enc.c
         pgx_dec.c
         pgx_cod.c
         mif_cod.c
         jpg_val.c
         jpg_dummy.c
         jpc_util.c
         jpc_tsfb.c
     1>w:\projects\xxxui\xui\xui\cximage\jasper\jpc\jpc_tsfb.c(124): warning C4013: 'jpc_tsfb_analyze2' undefined; assuming extern returning int
     1>w:\projects\xxxui\xui\xui\cximage\jasper\jpc\jpc_tsfb.c(151): warning C4013: 'jpc_tsfb_synthesize2' undefined; assuming extern returning int
         jpc_tagtree.c
         jpc_t2enc.c
         jpc_t2dec.c
         jpc_t2cod.c
         jpc_t1enc.c
     1>w:\projects\xxxui\xui\xui\cximage\jasper\jpc\jpc_t1enc.c(141): warning C4018: '<' : signed/unsigned mismatch
         jpc_t1dec.c
         Generating Code...
         Compiling...
         jpc_t1cod.c
         jpc_qmfb.c
         jpc_mqenc.c
         jpc_mqdec.c
         jpc_mqcod.c
         jpc_mct.c
         jpc_math.c
         jpc_enc.c
     1>w:\projects\xxxui\xui\xui\cximage\jasper\jpc\jpc_enc.c(1033): warning C4244: '=' : conversion from 'uint_fast16_t' to 'uint_fast8_t', possible loss of data
     1>w:\projects\xxxui\xui\xui\cximage\jasper\jpc\jpc_enc.c(1034): warning C4244: '=' : conversion from 'uint_fast16_t' to 'uint_fast8_t', possible loss of data
     1>w:\projects\xxxui\xui\xui\cximage\jasper\jpc\jpc_enc.c(2296): warning C4018: '<' : signed/unsigned mismatch
     1>w:\projects\xxxui\xui\xui\cximage\jasper\jpc\jpc_enc.c(2305): warning C4018: '<' : signed/unsigned mismatch
     1>w:\projects\xxxui\xui\xui\cximage\jasper\jpc\jpc_enc.c(2328): warning C4018: '<' : signed/unsigned mismatch
     1>w:\projects\xxxui\xui\xui\cximage\jasper\jpc\jpc_enc.c(2388): warning C4018: '>' : signed/unsigned mismatch
     1>w:\projects\xxxui\xui\xui\cximage\jasper\jpc\jpc_enc.c(2389): warning C4018: '>' : signed/unsigned mismatch
     1>w:\projects\xxxui\xui\xui\cximage\jasper\jpc\jpc_enc.c(2391): warning C4018: '<' : signed/unsigned mismatch
     1>w:\projects\xxxui\xui\xui\cximage\jasper\jpc\jpc_enc.c(2393): warning C4018: '<' : signed/unsigned mismatch
     1>w:\projects\xxxui\xui\xui\cximage\jasper\jpc\jpc_enc.c(2428): warning C4018: '<' : signed/unsigned mismatch
     1>w:\projects\xxxui\xui\xui\cximage\jasper\jpc\jpc_enc.c(2437): warning C4018: '<' : signed/unsigned mismatch
     1>w:\projects\xxxui\xui\xui\cximage\jasper\jpc\jpc_enc.c(2470): warning C4018: '<' : signed/unsigned mismatch
     1>w:\projects\xxxui\xui\xui\cximage\jasper\jpc\jpc_enc.c(2606): warning C4018: '<' : signed/unsigned mismatch
     1>w:\projects\xxxui\xui\xui\cximage\jasper\jpc\jpc_enc.c(2612): warning C4018: '<' : signed/unsigned mismatch
         jpc_dec.c
         jpc_cs.c
     1>w:\projects\xxxui\xui\xui\cximage\jasper\jpc\jpc_cs.c(691): warning C4244: 'function' : conversion from 'uint_fast16_t' to 'uint_fast8_t', possible loss of data
     1>w:\projects\xxxui\xui\xui\cximage\jasper\jpc\jpc_cs.c(825): warning C4244: 'function' : conversion from 'uint_fast16_t' to 'uint_fast8_t', possible loss of data
     1>w:\projects\xxxui\xui\xui\cximage\jasper\jpc\jpc_cs.c(922): warning C4244: 'function' : conversion from 'uint_fast16_t' to 'uint_fast8_t', possible loss of data
     1>w:\projects\xxxui\xui\xui\cximage\jasper\jpc\jpc_cs.c(1283): warning C4244: 'function' : conversion from 'uint_fast16_t' to 'uint_fast8_t', possible loss of data
     1>w:\projects\xxxui\xui\xui\cximage\jasper\jpc\jpc_cs.c(1288): warning C4244: 'function' : conversion from 'uint_fast16_t' to 'uint_fast8_t', possible loss of data
         jpc_bs.c
         jp2_enc.c
         jp2_dec.c
         jp2_cod.c
     1>w:\projects\xxxui\xui\xui\cximage\jasper\jp2\jp2_cod.c(269): warning C4244: '=' : conversion from 'uint_fast64_t' to 'uint_fast32_t', possible loss of data
     1>w:\projects\xxxui\xui\xui\cximage\jasper\jp2\jp2_cod.c(270): warning C4244: '=' : conversion from 'uint_fast64_t' to 'uint_fast32_t', possible loss of data
         bmp_enc.c
         bmp_dec.c
         bmp_cod.c
         jas_version.c
         jas_tvp.c
         jas_string.c
         Generating Code...
         Compiling...
         jas_stream.c
     1>w:\projects\xxxui\xui\xui\cximage\jasper\base\jas_stream.c(286): warning C4996: 'open': The POSIX name for this item is deprecated. Instead, use the ISO C++ conformant name: _open. See online help for details.
                 w:\program files (x86)\microsoft visual studio 11.0\vc\include\io.h(315) : see declaration of 'open'
     1>w:\projects\xxxui\xui\xui\cximage\jasper\base\jas_stream.c(373): warning C4996: 'open': The POSIX name for this item is deprecated. Instead, use the ISO C++ conformant name: _open. See online help for details.
                 w:\program files (x86)\microsoft visual studio 11.0\vc\include\io.h(315) : see declaration of 'open'
     1>w:\projects\xxxui\xui\xui\cximage\jasper\base\jas_stream.c(384): warning C4996: 'unlink': The POSIX name for this item is deprecated. Instead, use the ISO C++ conformant name: _unlink. See online help for details.
                 w:\program files (x86)\microsoft visual studio 11.0\vc\include\stdio.h(285) : see declaration of 'unlink'
     1>w:\projects\xxxui\xui\xui\cximage\jasper\base\jas_stream.c(423): warning C4996: 'setmode': The POSIX name for this item is deprecated. Instead, use the ISO C++ conformant name: _setmode. See online help for details.
                 w:\program files (x86)\microsoft visual studio 11.0\vc\include\io.h(317) : see declaration of 'setmode'
     1>w:\projects\xxxui\xui\xui\cximage\jasper\base\jas_stream.c(1094): warning C4996: 'read': The POSIX name for this item is deprecated. Instead, use the ISO C++ conformant name: _read. See online help for details.
                 w:\program files (x86)\microsoft visual studio 11.0\vc\include\io.h(316) : see declaration of 'read'
     1>w:\projects\xxxui\xui\xui\cximage\jasper\base\jas_stream.c(1100): warning C4996: 'write': The POSIX name for this item is deprecated. Instead, use the ISO C++ conformant name: _write. See online help for details.
                 w:\program files (x86)\microsoft visual studio 11.0\vc\include\io.h(321) : see declaration of 'write'
     1>w:\projects\xxxui\xui\xui\cximage\jasper\base\jas_stream.c(1113): warning C4996: 'close': The POSIX name for this item is deprecated. Instead, use the ISO C++ conformant name: _close. See online help for details.
                 w:\program files (x86)\microsoft visual studio 11.0\vc\include\io.h(305) : see declaration of 'close'
     1>w:\projects\xxxui\xui\xui\cximage\jasper\base\jas_stream.c(1115): warning C4996: 'unlink': The POSIX name for this item is deprecated. Instead, use the ISO C++ conformant name: _unlink. See online help for details.
                 w:\program files (x86)\microsoft visual studio 11.0\vc\include\stdio.h(285) : see declaration of 'unlink'
         jas_seq.c
         jas_malloc.c
         jas_init.c
         jas_image.c
         jas_iccdata.c
         jas_icc.c
     1>w:\projects\xxxui\xui\xui\cximage\jasper\base\jas_icc.c(1604): warning C4244: '=' : conversion from 'UINT64' to 'jas_iccuint16_t', possible loss of data
     1>w:\projects\xxxui\xui\xui\cximage\jasper\base\jas_icc.c(1614): warning C4244: '=' : conversion from 'INT64' to 'jas_iccsint32_t', possible loss of data
     1>w:\projects\xxxui\xui\xui\cximage\jasper\base\jas_icc.c(1623): warning C4244: '=' : conversion from 'UINT64' to 'jas_iccuint32_t', possible loss of data
         jas_getopt.c
         jas_debug.c
         jas_cm.c
         Generating Code...
       Lib:
         W:\Program Files (x86)\Microsoft Visual Studio 11.0\VC\bin\Lib.exe /OUT:"W:\Projects\XXXUI\XUI\XUI\CXImage\Debug\jasper.lib" /NOLOGO Debug\jas_cm.obj
         Debug\jas_debug.obj
         Debug\jas_getopt.obj
         Debug\jas_icc.obj
         Debug\jas_iccdata.obj
         Debug\jas_image.obj
         Debug\jas_init.obj
         Debug\jas_malloc.obj
         Debug\jas_seq.obj
         Debug\jas_stream.obj
         Debug\jas_string.obj
         Debug\jas_tvp.obj
         Debug\jas_version.obj
         Debug\bmp_cod.obj
         Debug\bmp_dec.obj
         Debug\bmp_enc.obj
         Debug\jp2_cod.obj
         Debug\jp2_dec.obj
         Debug\jp2_enc.obj
         Debug\jpc_bs.obj
         Debug\jpc_cs.obj
         Debug\jpc_dec.obj
         Debug\jpc_enc.obj
         Debug\jpc_math.obj
         Debug\jpc_mct.obj
         Debug\jpc_mqcod.obj
         Debug\jpc_mqdec.obj
         Debug\jpc_mqenc.obj
         Debug\jpc_qmfb.obj
         Debug\jpc_t1cod.obj
         Debug\jpc_t1dec.obj
         Debug\jpc_t1enc.obj
         Debug\jpc_t2cod.obj
         Debug\jpc_t2dec.obj
         Debug\jpc_t2enc.obj
         Debug\jpc_tagtree.obj
         Debug\jpc_tsfb.obj
         Debug\jpc_util.obj
         Debug\jpg_dummy.obj
         Debug\jpg_val.obj
         Debug\mif_cod.obj
         Debug\pgx_cod.obj
         Debug\pgx_dec.obj
         Debug\pgx_enc.obj
         Debug\pnm_cod.obj
         Debug\pnm_dec.obj
         Debug\pnm_enc.obj
         Debug\ras_cod.obj
         Debug\ras_dec.obj
         Debug\ras_enc.obj
         jasper.vcxproj -> W:\Projects\XXXUI\XUI\XUI\CXImage\Debug\jasper.lib
     1>Done Building Project "W:\Projects\XXXUI\XUI\XUI\CXImage\jasper\jasper.vcxproj" (Build target(s)).

Build succeeded.

Time Elapsed 00:00:14.09
