W:\PROJECTS\XXXUI\XUI\XUI\CXIMAGE\JASPER\DEBUG\JPC_T1DEC.OBJ
W:\PROJECTS\XXXUI\XUI\XUI\CXIMAGE\JASPER\DEBUG\JPC_T1ENC.OBJ
W:\PROJECTS\XXXUI\XUI\XUI\CXIMAGE\JASPER\DEBUG\JPC_T2COD.OBJ
W:\PROJECTS\XXXUI\XUI\XUI\CXIMAGE\JASPER\DEBUG\JPC_T2DEC.OBJ
W:\PROJECTS\XXXUI\XUI\XUI\CXIMAGE\JASPER\DEBUG\JPC_T2ENC.OBJ
W:\PROJECTS\XXXUI\XUI\XUI\CXIMAGE\JASPER\DEBUG\JPC_TAGTREE.OBJ
W:\PROJECTS\XXXUI\XUI\XUI\CXIMAGE\JASPER\DEBUG\JPC_TSFB.OBJ
W:\PROJECTS\XXXUI\XUI\XUI\CXIMAGE\JASPER\DEBUG\JPC_UTIL.OBJ
W:\PROJECTS\XXXUI\XUI\XUI\CXIMAGE\JASPER\DEBUG\JPG_DUMMY.OBJ
W:\PROJECTS\XXXUI\XUI\XUI\CXIMAGE\JASPER\DEBUG\JPG_VAL.OBJ
W:\PROJECTS\XXXUI\XUI\XUI\CXIMAGE\JASPER\DEBUG\MIF_COD.OBJ
W:\PROJECTS\XXXUI\XUI\XUI\CXIMAGE\JASPER\DEBUG\PGX_COD.OBJ
W:\PROJECTS\XXXUI\XUI\XUI\CXIMAGE\JASPER\DEBUG\PGX_DEC.OBJ
W:\PROJECTS\XXXUI\XUI\XUI\CXIMAGE\JASPER\DEBUG\PGX_ENC.OBJ
W:\PROJECTS\XXXUI\XUI\XUI\CXIMAGE\JASPER\DEBUG\PNM_COD.OBJ
W:\PROJECTS\XXXUI\XUI\XUI\CXIMAGE\JASPER\DEBUG\PNM_DEC.OBJ
W:\PROJECTS\XXXUI\XUI\XUI\CXIMAGE\JASPER\DEBUG\PNM_ENC.OBJ
W:\PROJECTS\XXXUI\XUI\XUI\CXIMAGE\JASPER\DEBUG\RAS_COD.OBJ
W:\PROJECTS\XXXUI\XUI\XUI\CXIMAGE\JASPER\DEBUG\RAS_DEC.OBJ
W:\PROJECTS\XXXUI\XUI\XUI\CXIMAGE\JASPER\DEBUG\RAS_ENC.OBJ
W:\PROJECTS\XXXUI\XUI\XUI\CXIMAGE\JASPER\DEBUG\JAS_STRING.OBJ
W:\PROJECTS\XXXUI\XUI\XUI\CXIMAGE\JASPER\DEBUG\JAS_TVP.OBJ
W:\PROJECTS\XXXUI\XUI\XUI\CXIMAGE\JASPER\DEBUG\JAS_VERSION.OBJ
W:\PROJECTS\XXXUI\XUI\XUI\CXIMAGE\JASPER\DEBUG\BMP_COD.OBJ
W:\PROJECTS\XXXUI\XUI\XUI\CXIMAGE\JASPER\DEBUG\BMP_DEC.OBJ
W:\PROJECTS\XXXUI\XUI\XUI\CXIMAGE\JASPER\DEBUG\BMP_ENC.OBJ
W:\PROJECTS\XXXUI\XUI\XUI\CXIMAGE\JASPER\DEBUG\JP2_COD.OBJ
W:\PROJECTS\XXXUI\XUI\XUI\CXIMAGE\JASPER\DEBUG\JP2_DEC.OBJ
W:\PROJECTS\XXXUI\XUI\XUI\CXIMAGE\JASPER\DEBUG\JP2_ENC.OBJ
W:\PROJECTS\XXXUI\XUI\XUI\CXIMAGE\JASPER\DEBUG\JPC_BS.OBJ
W:\PROJECTS\XXXUI\XUI\XUI\CXIMAGE\JASPER\DEBUG\JPC_CS.OBJ
W:\PROJECTS\XXXUI\XUI\XUI\CXIMAGE\JASPER\DEBUG\JPC_DEC.OBJ
W:\PROJECTS\XXXUI\XUI\XUI\CXIMAGE\JASPER\DEBUG\JPC_ENC.OBJ
W:\PROJECTS\XXXUI\XUI\XUI\CXIMAGE\JASPER\DEBUG\JPC_MATH.OBJ
W:\PROJECTS\XXXUI\XUI\XUI\CXIMAGE\JASPER\DEBUG\JPC_MCT.OBJ
W:\PROJECTS\XXXUI\XUI\XUI\CXIMAGE\JASPER\DEBUG\JPC_MQCOD.OBJ
W:\PROJECTS\XXXUI\XUI\XUI\CXIMAGE\JASPER\DEBUG\JPC_MQDEC.OBJ
W:\PROJECTS\XXXUI\XUI\XUI\CXIMAGE\JASPER\DEBUG\JPC_MQENC.OBJ
W:\PROJECTS\XXXUI\XUI\XUI\CXIMAGE\JASPER\DEBUG\JPC_QMFB.OBJ
W:\PROJECTS\XXXUI\XUI\XUI\CXIMAGE\JASPER\DEBUG\JPC_T1COD.OBJ
W:\PROJECTS\XXXUI\XUI\XUI\CXIMAGE\JASPER\DEBUG\JAS_CM.OBJ
W:\PROJECTS\XXXUI\XUI\XUI\CXIMAGE\JASPER\DEBUG\JAS_DEBUG.OBJ
W:\PROJECTS\XXXUI\XUI\XUI\CXIMAGE\JASPER\DEBUG\JAS_GETOPT.OBJ
W:\PROJECTS\XXXUI\XUI\XUI\CXIMAGE\JASPER\DEBUG\JAS_ICC.OBJ
W:\PROJECTS\XXXUI\XUI\XUI\CXIMAGE\JASPER\DEBUG\JAS_ICCDATA.OBJ
W:\PROJECTS\XXXUI\XUI\XUI\CXIMAGE\JASPER\DEBUG\JAS_IMAGE.OBJ
W:\PROJECTS\XXXUI\XUI\XUI\CXIMAGE\JASPER\DEBUG\JAS_INIT.OBJ
W:\PROJECTS\XXXUI\XUI\XUI\CXIMAGE\JASPER\DEBUG\JAS_MALLOC.OBJ
W:\PROJECTS\XXXUI\XUI\XUI\CXIMAGE\JASPER\DEBUG\JAS_SEQ.OBJ
W:\PROJECTS\XXXUI\XUI\XUI\CXIMAGE\JASPER\DEBUG\JAS_STREAM.OBJ
W:\PROJECTS\XXXUI\XUI\XUI\CXIMAGE\JASPER\DEBUG\VC110.PDB
W:\PROJECTS\XXXUI\XUI\XUI\CXIMAGE\DEBUG\JASPER.LIB
W:\Projects\XXXUI\XUI\XUI\CXImage\jasper\Debug\bmp_cod.obj
W:\Projects\XXXUI\XUI\XUI\CXImage\jasper\Debug\bmp_dec.obj
W:\Projects\XXXUI\XUI\XUI\CXImage\jasper\Debug\bmp_enc.obj
W:\Projects\XXXUI\XUI\XUI\CXImage\jasper\Debug\jas_cm.obj
W:\Projects\XXXUI\XUI\XUI\CXImage\jasper\Debug\jas_debug.obj
W:\Projects\XXXUI\XUI\XUI\CXImage\jasper\Debug\jas_getopt.obj
W:\Projects\XXXUI\XUI\XUI\CXImage\jasper\Debug\jas_icc.obj
W:\Projects\XXXUI\XUI\XUI\CXImage\jasper\Debug\jas_iccdata.obj
W:\Projects\XXXUI\XUI\XUI\CXImage\jasper\Debug\jas_image.obj
W:\Projects\XXXUI\XUI\XUI\CXImage\jasper\Debug\jas_init.obj
W:\Projects\XXXUI\XUI\XUI\CXImage\jasper\Debug\jas_malloc.obj
W:\Projects\XXXUI\XUI\XUI\CXImage\jasper\Debug\jas_seq.obj
W:\Projects\XXXUI\XUI\XUI\CXImage\jasper\Debug\jas_stream.obj
W:\Projects\XXXUI\XUI\XUI\CXImage\jasper\Debug\jas_string.obj
W:\Projects\XXXUI\XUI\XUI\CXImage\jasper\Debug\jas_tvp.obj
W:\Projects\XXXUI\XUI\XUI\CXImage\jasper\Debug\jas_version.obj
W:\Projects\XXXUI\XUI\XUI\CXImage\jasper\Debug\jp2_cod.obj
W:\Projects\XXXUI\XUI\XUI\CXImage\jasper\Debug\jp2_dec.obj
W:\Projects\XXXUI\XUI\XUI\CXImage\jasper\Debug\jp2_enc.obj
W:\Projects\XXXUI\XUI\XUI\CXImage\jasper\Debug\jpc_bs.obj
W:\Projects\XXXUI\XUI\XUI\CXImage\jasper\Debug\jpc_cs.obj
W:\Projects\XXXUI\XUI\XUI\CXImage\jasper\Debug\jpc_dec.obj
W:\Projects\XXXUI\XUI\XUI\CXImage\jasper\Debug\jpc_enc.obj
W:\Projects\XXXUI\XUI\XUI\CXImage\jasper\Debug\jpc_math.obj
W:\Projects\XXXUI\XUI\XUI\CXImage\jasper\Debug\jpc_mct.obj
W:\Projects\XXXUI\XUI\XUI\CXImage\jasper\Debug\jpc_mqcod.obj
W:\Projects\XXXUI\XUI\XUI\CXImage\jasper\Debug\jpc_mqdec.obj
W:\Projects\XXXUI\XUI\XUI\CXImage\jasper\Debug\jpc_mqenc.obj
W:\Projects\XXXUI\XUI\XUI\CXImage\jasper\Debug\jpc_qmfb.obj
W:\Projects\XXXUI\XUI\XUI\CXImage\jasper\Debug\jpc_t1cod.obj
W:\Projects\XXXUI\XUI\XUI\CXImage\jasper\Debug\jpc_t1dec.obj
W:\Projects\XXXUI\XUI\XUI\CXImage\jasper\Debug\jpc_t1enc.obj
W:\Projects\XXXUI\XUI\XUI\CXImage\jasper\Debug\jpc_t2cod.obj
W:\Projects\XXXUI\XUI\XUI\CXImage\jasper\Debug\jpc_t2dec.obj
W:\Projects\XXXUI\XUI\XUI\CXImage\jasper\Debug\jpc_t2enc.obj
W:\Projects\XXXUI\XUI\XUI\CXImage\jasper\Debug\jpc_tagtree.obj
W:\Projects\XXXUI\XUI\XUI\CXImage\jasper\Debug\jpc_tsfb.obj
W:\Projects\XXXUI\XUI\XUI\CXImage\jasper\Debug\jpc_util.obj
W:\Projects\XXXUI\XUI\XUI\CXImage\jasper\Debug\jpg_dummy.obj
W:\Projects\XXXUI\XUI\XUI\CXImage\jasper\Debug\jpg_val.obj
W:\Projects\XXXUI\XUI\XUI\CXImage\jasper\Debug\mif_cod.obj
W:\Projects\XXXUI\XUI\XUI\CXImage\jasper\Debug\pgx_cod.obj
W:\Projects\XXXUI\XUI\XUI\CXImage\jasper\Debug\pgx_dec.obj
W:\Projects\XXXUI\XUI\XUI\CXImage\jasper\Debug\pgx_enc.obj
W:\Projects\XXXUI\XUI\XUI\CXImage\jasper\Debug\pnm_cod.obj
W:\Projects\XXXUI\XUI\XUI\CXImage\jasper\Debug\pnm_dec.obj
W:\Projects\XXXUI\XUI\XUI\CXImage\jasper\Debug\pnm_enc.obj
W:\Projects\XXXUI\XUI\XUI\CXImage\jasper\Debug\ras_cod.obj
W:\Projects\XXXUI\XUI\XUI\CXImage\jasper\Debug\ras_dec.obj
W:\Projects\XXXUI\XUI\XUI\CXImage\jasper\Debug\ras_enc.obj
W:\Projects\XXXUI\XUI\XUI\CXImage\jasper\Debug\cl.command.1.tlog
W:\Projects\XXXUI\XUI\XUI\CXImage\jasper\Debug\CL.read.1.tlog
W:\Projects\XXXUI\XUI\XUI\CXImage\jasper\Debug\CL.write.1.tlog
W:\Projects\XXXUI\XUI\XUI\CXImage\jasper\Debug\Lib-link.read.1.tlog
W:\Projects\XXXUI\XUI\XUI\CXImage\jasper\Debug\Lib-link.write.1.tlog
W:\Projects\XXXUI\XUI\XUI\CXImage\jasper\Debug\lib.command.1.tlog
W:\Projects\XXXUI\XUI\XUI\CXImage\jasper\Debug\vc110.idb
W:\Projects\XXXUI\XUI\XUI\CXImage\jasper\Debug\vc110.pdb
W:\Projects\XXXUI\XUI\XUI\CXImage\Debug\jasper.lib
