W:\PROJECTS\XXXUI\XUI\XUI\CXIMAGE\MNG\DEBUG\LIBMNG_CALLBACK_XS.OBJ
W:\PROJECTS\XXXUI\XUI\XUI\CXIMAGE\MNG\DEBUG\LIBMNG_CHUNK_DESCR.OBJ
W:\PROJECTS\XXXUI\XUI\XUI\CXIMAGE\MNG\DEBUG\LIBMNG_CHUNK_IO.OBJ
W:\PROJECTS\XXXUI\XUI\XUI\CXIMAGE\MNG\DEBUG\LIBMNG_CHUNK_PRC.OBJ
W:\PROJECTS\XXXUI\XUI\XUI\CXIMAGE\MNG\DEBUG\LIBMNG_CHUNK_XS.OBJ
W:\PROJECTS\XXXUI\XUI\XUI\CXIMAGE\MNG\DEBUG\LIBMNG_CMS.OBJ
W:\PROJECTS\XXXUI\XUI\XUI\CXIMAGE\MNG\DEBUG\LIBMNG_DISPLAY.OBJ
W:\PROJECTS\XXXUI\XUI\XUI\CXIMAGE\MNG\DEBUG\LIBMNG_DITHER.OBJ
W:\PROJECTS\XXXUI\XUI\XUI\CXIMAGE\MNG\DEBUG\LIBMNG_ERROR.OBJ
W:\PROJECTS\XXXUI\XUI\XUI\CXIMAGE\MNG\DEBUG\LIBMNG_FILTER.OBJ
W:\PROJECTS\XXXUI\XUI\XUI\CXIMAGE\MNG\DEBUG\LIBMNG_HLAPI.OBJ
W:\PROJECTS\XXXUI\XUI\XUI\CXIMAGE\MNG\DEBUG\LIBMNG_JPEG.OBJ
W:\PROJECTS\XXXUI\XUI\XUI\CXIMAGE\MNG\DEBUG\LIBMNG_OBJECT_PRC.OBJ
W:\PROJECTS\XXXUI\XUI\XUI\CXIMAGE\MNG\DEBUG\LIBMNG_PIXELS.OBJ
W:\PROJECTS\XXXUI\XUI\XUI\CXIMAGE\MNG\DEBUG\LIBMNG_PROP_XS.OBJ
W:\PROJECTS\XXXUI\XUI\XUI\CXIMAGE\MNG\DEBUG\LIBMNG_READ.OBJ
W:\PROJECTS\XXXUI\XUI\XUI\CXIMAGE\MNG\DEBUG\LIBMNG_TRACE.OBJ
W:\PROJECTS\XXXUI\XUI\XUI\CXIMAGE\MNG\DEBUG\LIBMNG_WRITE.OBJ
W:\PROJECTS\XXXUI\XUI\XUI\CXIMAGE\MNG\DEBUG\LIBMNG_ZLIB.OBJ
W:\PROJECTS\XXXUI\XUI\XUI\CXIMAGE\MNG\DEBUG\VC110.PDB
W:\PROJECTS\XXXUI\XUI\XUI\CXIMAGE\DEBUG\MNG.LIB
W:\Projects\XXXUI\XUI\XUI\CXImage\mng\Debug\libmng_callback_xs.obj
W:\Projects\XXXUI\XUI\XUI\CXImage\mng\Debug\libmng_chunk_descr.obj
W:\Projects\XXXUI\XUI\XUI\CXImage\mng\Debug\libmng_chunk_io.obj
W:\Projects\XXXUI\XUI\XUI\CXImage\mng\Debug\libmng_chunk_prc.obj
W:\Projects\XXXUI\XUI\XUI\CXImage\mng\Debug\libmng_chunk_xs.obj
W:\Projects\XXXUI\XUI\XUI\CXImage\mng\Debug\libmng_cms.obj
W:\Projects\XXXUI\XUI\XUI\CXImage\mng\Debug\libmng_display.obj
W:\Projects\XXXUI\XUI\XUI\CXImage\mng\Debug\libmng_dither.obj
W:\Projects\XXXUI\XUI\XUI\CXImage\mng\Debug\libmng_error.obj
W:\Projects\XXXUI\XUI\XUI\CXImage\mng\Debug\libmng_filter.obj
W:\Projects\XXXUI\XUI\XUI\CXImage\mng\Debug\libmng_hlapi.obj
W:\Projects\XXXUI\XUI\XUI\CXImage\mng\Debug\libmng_jpeg.obj
W:\Projects\XXXUI\XUI\XUI\CXImage\mng\Debug\libmng_object_prc.obj
W:\Projects\XXXUI\XUI\XUI\CXImage\mng\Debug\libmng_pixels.obj
W:\Projects\XXXUI\XUI\XUI\CXImage\mng\Debug\libmng_prop_xs.obj
W:\Projects\XXXUI\XUI\XUI\CXImage\mng\Debug\libmng_read.obj
W:\Projects\XXXUI\XUI\XUI\CXImage\mng\Debug\libmng_trace.obj
W:\Projects\XXXUI\XUI\XUI\CXImage\mng\Debug\libmng_write.obj
W:\Projects\XXXUI\XUI\XUI\CXImage\mng\Debug\libmng_zlib.obj
W:\Projects\XXXUI\XUI\XUI\CXImage\mng\Debug\cl.command.1.tlog
W:\Projects\XXXUI\XUI\XUI\CXImage\mng\Debug\CL.read.1.tlog
W:\Projects\XXXUI\XUI\XUI\CXImage\mng\Debug\CL.write.1.tlog
W:\Projects\XXXUI\XUI\XUI\CXImage\mng\Debug\Lib-link.read.1.tlog
W:\Projects\XXXUI\XUI\XUI\CXImage\mng\Debug\Lib-link.write.1.tlog
W:\Projects\XXXUI\XUI\XUI\CXImage\mng\Debug\lib.command.1.tlog
W:\Projects\XXXUI\XUI\XUI\CXImage\mng\Debug\vc110.idb
W:\Projects\XXXUI\XUI\XUI\CXImage\mng\Debug\vc110.pdb
W:\Projects\XXXUI\XUI\XUI\CXImage\Debug\mng.lib
