W:\PROJECTS\XXXUI\XUI\XUI\CXIMAGE\LIBPSD\DEBUG\LEVELS.OBJ
W:\PROJECTS\XXXUI\XUI\XUI\CXIMAGE\LIBPSD\DEBUG\OUTER_GLOW.OBJ
W:\PROJECTS\XXXUI\XUI\XUI\CXIMAGE\LIBPSD\DEBUG\PATH.OBJ
W:\PROJECTS\XXXUI\XUI\XUI\CXIMAGE\LIBPSD\DEBUG\PATTERN.OBJ
W:\PROJECTS\XXXUI\XUI\XUI\CXIMAGE\LIBPSD\DEBUG\PATTERN_FILL.OBJ
W:\PROJECTS\XXXUI\XUI\XUI\CXIMAGE\LIBPSD\DEBUG\PATTERN_OVERLAY.OBJ
W:\PROJECTS\XXXUI\XUI\XUI\CXIMAGE\LIBPSD\DEBUG\PHOTO_FILTER.OBJ
W:\PROJECTS\XXXUI\XUI\XUI\CXIMAGE\LIBPSD\DEBUG\POSTERIZE.OBJ
W:\PROJECTS\XXXUI\XUI\XUI\CXIMAGE\LIBPSD\DEBUG\PSD.OBJ
W:\PROJECTS\XXXUI\XUI\XUI\CXIMAGE\LIBPSD\DEBUG\PSD_SYSTEM.OBJ
W:\PROJECTS\XXXUI\XUI\XUI\CXIMAGE\LIBPSD\DEBUG\PSD_ZIP.OBJ
W:\PROJECTS\XXXUI\XUI\XUI\CXIMAGE\LIBPSD\DEBUG\RECT.OBJ
W:\PROJECTS\XXXUI\XUI\XUI\CXIMAGE\LIBPSD\DEBUG\SATIN.OBJ
W:\PROJECTS\XXXUI\XUI\XUI\CXIMAGE\LIBPSD\DEBUG\SELECTIVE_COLOR.OBJ
W:\PROJECTS\XXXUI\XUI\XUI\CXIMAGE\LIBPSD\DEBUG\SOLID_COLOR.OBJ
W:\PROJECTS\XXXUI\XUI\XUI\CXIMAGE\LIBPSD\DEBUG\STREAM.OBJ
W:\PROJECTS\XXXUI\XUI\XUI\CXIMAGE\LIBPSD\DEBUG\STROKE.OBJ
W:\PROJECTS\XXXUI\XUI\XUI\CXIMAGE\LIBPSD\DEBUG\THRESHOLD.OBJ
W:\PROJECTS\XXXUI\XUI\XUI\CXIMAGE\LIBPSD\DEBUG\THUMBNAIL.OBJ
W:\PROJECTS\XXXUI\XUI\XUI\CXIMAGE\LIBPSD\DEBUG\TYPE_TOOL.OBJ
W:\PROJECTS\XXXUI\XUI\XUI\CXIMAGE\LIBPSD\DEBUG\COLOR_MODE.OBJ
W:\PROJECTS\XXXUI\XUI\XUI\CXIMAGE\LIBPSD\DEBUG\COLOR_OVERLAY.OBJ
W:\PROJECTS\XXXUI\XUI\XUI\CXIMAGE\LIBPSD\DEBUG\CURVES.OBJ
W:\PROJECTS\XXXUI\XUI\XUI\CXIMAGE\LIBPSD\DEBUG\DESCRIPTOR.OBJ
W:\PROJECTS\XXXUI\XUI\XUI\CXIMAGE\LIBPSD\DEBUG\DROP_SHADOW.OBJ
W:\PROJECTS\XXXUI\XUI\XUI\CXIMAGE\LIBPSD\DEBUG\EFFECTS.OBJ
W:\PROJECTS\XXXUI\XUI\XUI\CXIMAGE\LIBPSD\DEBUG\FILE_HEADER.OBJ
W:\PROJECTS\XXXUI\XUI\XUI\CXIMAGE\LIBPSD\DEBUG\FIXED.OBJ
W:\PROJECTS\XXXUI\XUI\XUI\CXIMAGE\LIBPSD\DEBUG\GAUSSIAN_BLUR.OBJ
W:\PROJECTS\XXXUI\XUI\XUI\CXIMAGE\LIBPSD\DEBUG\GRADIENT_BLEND.OBJ
W:\PROJECTS\XXXUI\XUI\XUI\CXIMAGE\LIBPSD\DEBUG\GRADIENT_FILL.OBJ
W:\PROJECTS\XXXUI\XUI\XUI\CXIMAGE\LIBPSD\DEBUG\GRADIENT_MAP.OBJ
W:\PROJECTS\XXXUI\XUI\XUI\CXIMAGE\LIBPSD\DEBUG\GRADIENT_OVERLAY.OBJ
W:\PROJECTS\XXXUI\XUI\XUI\CXIMAGE\LIBPSD\DEBUG\HUE_SATURATION.OBJ
W:\PROJECTS\XXXUI\XUI\XUI\CXIMAGE\LIBPSD\DEBUG\IMAGE_DATA.OBJ
W:\PROJECTS\XXXUI\XUI\XUI\CXIMAGE\LIBPSD\DEBUG\IMAGE_RESOURCE.OBJ
W:\PROJECTS\XXXUI\XUI\XUI\CXIMAGE\LIBPSD\DEBUG\INNER_GLOW.OBJ
W:\PROJECTS\XXXUI\XUI\XUI\CXIMAGE\LIBPSD\DEBUG\INNER_SHADOW.OBJ
W:\PROJECTS\XXXUI\XUI\XUI\CXIMAGE\LIBPSD\DEBUG\INVERT.OBJ
W:\PROJECTS\XXXUI\XUI\XUI\CXIMAGE\LIBPSD\DEBUG\LAYER_MASK.OBJ
W:\PROJECTS\XXXUI\XUI\XUI\CXIMAGE\LIBPSD\DEBUG\ADJUSTMENT.OBJ
W:\PROJECTS\XXXUI\XUI\XUI\CXIMAGE\LIBPSD\DEBUG\BEVEL_EMBOSS.OBJ
W:\PROJECTS\XXXUI\XUI\XUI\CXIMAGE\LIBPSD\DEBUG\BITMAP.OBJ
W:\PROJECTS\XXXUI\XUI\XUI\CXIMAGE\LIBPSD\DEBUG\BLEND.OBJ
W:\PROJECTS\XXXUI\XUI\XUI\CXIMAGE\LIBPSD\DEBUG\BOUNDARY.OBJ
W:\PROJECTS\XXXUI\XUI\XUI\CXIMAGE\LIBPSD\DEBUG\BRIGHTNESS_CONTRAST.OBJ
W:\PROJECTS\XXXUI\XUI\XUI\CXIMAGE\LIBPSD\DEBUG\CHANNEL_IMAGE.OBJ
W:\PROJECTS\XXXUI\XUI\XUI\CXIMAGE\LIBPSD\DEBUG\CHANNEL_MIXER.OBJ
W:\PROJECTS\XXXUI\XUI\XUI\CXIMAGE\LIBPSD\DEBUG\COLOR.OBJ
W:\PROJECTS\XXXUI\XUI\XUI\CXIMAGE\LIBPSD\DEBUG\COLOR_BALANCE.OBJ
W:\PROJECTS\XXXUI\XUI\XUI\CXIMAGE\LIBPSD\DEBUG\VC110.PDB
W:\PROJECTS\XXXUI\XUI\XUI\CXIMAGE\DEBUG\LIBPSD.LIB
W:\Projects\XXXUI\XUI\XUI\CXImage\libpsd\Debug\adjustment.obj
W:\Projects\XXXUI\XUI\XUI\CXImage\libpsd\Debug\bevel_emboss.obj
W:\Projects\XXXUI\XUI\XUI\CXImage\libpsd\Debug\bitmap.obj
W:\Projects\XXXUI\XUI\XUI\CXImage\libpsd\Debug\blend.obj
W:\Projects\XXXUI\XUI\XUI\CXImage\libpsd\Debug\boundary.obj
W:\Projects\XXXUI\XUI\XUI\CXImage\libpsd\Debug\brightness_contrast.obj
W:\Projects\XXXUI\XUI\XUI\CXImage\libpsd\Debug\channel_image.obj
W:\Projects\XXXUI\XUI\XUI\CXImage\libpsd\Debug\channel_mixer.obj
W:\Projects\XXXUI\XUI\XUI\CXImage\libpsd\Debug\color.obj
W:\Projects\XXXUI\XUI\XUI\CXImage\libpsd\Debug\color_balance.obj
W:\Projects\XXXUI\XUI\XUI\CXImage\libpsd\Debug\color_mode.obj
W:\Projects\XXXUI\XUI\XUI\CXImage\libpsd\Debug\color_overlay.obj
W:\Projects\XXXUI\XUI\XUI\CXImage\libpsd\Debug\curves.obj
W:\Projects\XXXUI\XUI\XUI\CXImage\libpsd\Debug\descriptor.obj
W:\Projects\XXXUI\XUI\XUI\CXImage\libpsd\Debug\drop_shadow.obj
W:\Projects\XXXUI\XUI\XUI\CXImage\libpsd\Debug\effects.obj
W:\Projects\XXXUI\XUI\XUI\CXImage\libpsd\Debug\file_header.obj
W:\Projects\XXXUI\XUI\XUI\CXImage\libpsd\Debug\fixed.obj
W:\Projects\XXXUI\XUI\XUI\CXImage\libpsd\Debug\gaussian_blur.obj
W:\Projects\XXXUI\XUI\XUI\CXImage\libpsd\Debug\gradient_blend.obj
W:\Projects\XXXUI\XUI\XUI\CXImage\libpsd\Debug\gradient_fill.obj
W:\Projects\XXXUI\XUI\XUI\CXImage\libpsd\Debug\gradient_map.obj
W:\Projects\XXXUI\XUI\XUI\CXImage\libpsd\Debug\gradient_overlay.obj
W:\Projects\XXXUI\XUI\XUI\CXImage\libpsd\Debug\hue_saturation.obj
W:\Projects\XXXUI\XUI\XUI\CXImage\libpsd\Debug\image_data.obj
W:\Projects\XXXUI\XUI\XUI\CXImage\libpsd\Debug\image_resource.obj
W:\Projects\XXXUI\XUI\XUI\CXImage\libpsd\Debug\inner_glow.obj
W:\Projects\XXXUI\XUI\XUI\CXImage\libpsd\Debug\inner_shadow.obj
W:\Projects\XXXUI\XUI\XUI\CXImage\libpsd\Debug\invert.obj
W:\Projects\XXXUI\XUI\XUI\CXImage\libpsd\Debug\layer_mask.obj
W:\Projects\XXXUI\XUI\XUI\CXImage\libpsd\Debug\levels.obj
W:\Projects\XXXUI\XUI\XUI\CXImage\libpsd\Debug\outer_glow.obj
W:\Projects\XXXUI\XUI\XUI\CXImage\libpsd\Debug\path.obj
W:\Projects\XXXUI\XUI\XUI\CXImage\libpsd\Debug\pattern.obj
W:\Projects\XXXUI\XUI\XUI\CXImage\libpsd\Debug\pattern_fill.obj
W:\Projects\XXXUI\XUI\XUI\CXImage\libpsd\Debug\pattern_overlay.obj
W:\Projects\XXXUI\XUI\XUI\CXImage\libpsd\Debug\photo_filter.obj
W:\Projects\XXXUI\XUI\XUI\CXImage\libpsd\Debug\posterize.obj
W:\Projects\XXXUI\XUI\XUI\CXImage\libpsd\Debug\psd.obj
W:\Projects\XXXUI\XUI\XUI\CXImage\libpsd\Debug\psd_system.obj
W:\Projects\XXXUI\XUI\XUI\CXImage\libpsd\Debug\psd_zip.obj
W:\Projects\XXXUI\XUI\XUI\CXImage\libpsd\Debug\rect.obj
W:\Projects\XXXUI\XUI\XUI\CXImage\libpsd\Debug\satin.obj
W:\Projects\XXXUI\XUI\XUI\CXImage\libpsd\Debug\selective_color.obj
W:\Projects\XXXUI\XUI\XUI\CXImage\libpsd\Debug\solid_color.obj
W:\Projects\XXXUI\XUI\XUI\CXImage\libpsd\Debug\stream.obj
W:\Projects\XXXUI\XUI\XUI\CXImage\libpsd\Debug\stroke.obj
W:\Projects\XXXUI\XUI\XUI\CXImage\libpsd\Debug\threshold.obj
W:\Projects\XXXUI\XUI\XUI\CXImage\libpsd\Debug\thumbnail.obj
W:\Projects\XXXUI\XUI\XUI\CXImage\libpsd\Debug\type_tool.obj
W:\Projects\XXXUI\XUI\XUI\CXImage\libpsd\Debug\cl.command.1.tlog
W:\Projects\XXXUI\XUI\XUI\CXImage\libpsd\Debug\CL.read.1.tlog
W:\Projects\XXXUI\XUI\XUI\CXImage\libpsd\Debug\CL.write.1.tlog
W:\Projects\XXXUI\XUI\XUI\CXImage\libpsd\Debug\Lib-link.read.1.tlog
W:\Projects\XXXUI\XUI\XUI\CXImage\libpsd\Debug\Lib-link.write.1.tlog
W:\Projects\XXXUI\XUI\XUI\CXImage\libpsd\Debug\lib.command.1.tlog
W:\Projects\XXXUI\XUI\XUI\CXImage\libpsd\Debug\vc110.idb
W:\Projects\XXXUI\XUI\XUI\CXImage\libpsd\Debug\vc110.pdb
W:\Projects\XXXUI\XUI\XUI\CXImage\Debug\libpsd.lib
