Build started 2013/2/24 11:22:28.
     1>Project "W:\Projects\XXXUI\XUI\XUI\CXImage\tiff\tiff.vcxproj" on node 5 (Build target(s)).
     1>ClCompile:
         W:\Program Files (x86)\Microsoft Visual Studio 11.0\VC\bin\CL.exe /c /I..\zlib /ZI /nologo /W3 /WX- /Od /Oy- /D WIN32 /D _DEBUG /D _LIB /D _CRT_SECURE_NO_DEPRECATE /D _UNICODE /D UNICODE /Gm /EHsc /RTC1 /MDd /GS /fp:precise /Zc:wchar_t /Zc:forScope /Fo"Debug\\" /Fd"Debug\vc110.pdb" /Gd /TC /analyze- /errorReport:prompt tif_aux.c tif_close.c tif_codec.c tif_color.c tif_compress.c tif_dir.c tif_dirinfo.c tif_dirread.c tif_dirwrite.c tif_dumpmode.c tif_error.c tif_fax3.c tif_fax3sm.c tif_flush.c tif_getimage.c tif_jpeg.c tif_luv.c tif_lzw.c tif_next.c tif_ojpeg.c tif_open.c tif_packbits.c tif_pixarlog.c tif_predict.c tif_print.c tif_read.c tif_strip.c tif_swab.c tif_thunder.c tif_tile.c tif_version.c tif_warning.c tif_write.c tif_zip.c
         tif_zip.c
         tif_write.c
         tif_warning.c
         tif_version.c
         tif_tile.c
         tif_thunder.c
         tif_swab.c
         tif_strip.c
         tif_read.c
         tif_print.c
         tif_predict.c
         tif_pixarlog.c
         tif_packbits.c
         tif_open.c
         tif_ojpeg.c
         tif_next.c
         tif_lzw.c
         tif_luv.c
         tif_jpeg.c
         tif_getimage.c
         Generating Code...
         Compiling...
         tif_flush.c
         tif_fax3sm.c
         tif_fax3.c
         tif_error.c
         tif_dumpmode.c
         tif_dirwrite.c
         tif_dirread.c
         tif_dirinfo.c
     1>w:\projects\xxxui\xui\xui\cximage\tiff\tif_dirinfo.c(799): warning C4996: '_lfind': The POSIX name for this item is deprecated. Instead, use the ISO C++ conformant name: _lfind. See online help for details.
                 w:\program files (x86)\microsoft visual studio 11.0\vc\include\search.h(53) : see declaration of '_lfind'
         tif_dir.c
         tif_compress.c
         tif_color.c
         tif_codec.c
         tif_close.c
         tif_aux.c
         Generating Code...
       Lib:
         W:\Program Files (x86)\Microsoft Visual Studio 11.0\VC\bin\Lib.exe /OUT:"W:\Projects\XXXUI\XUI\XUI\CXImage\Debug\tiff.lib" /NOLOGO Debug\tif_aux.obj
         Debug\tif_close.obj
         Debug\tif_codec.obj
         Debug\tif_color.obj
         Debug\tif_compress.obj
         Debug\tif_dir.obj
         Debug\tif_dirinfo.obj
         Debug\tif_dirread.obj
         Debug\tif_dirwrite.obj
         Debug\tif_dumpmode.obj
         Debug\tif_error.obj
         Debug\tif_fax3.obj
         Debug\tif_fax3sm.obj
         Debug\tif_flush.obj
         Debug\tif_getimage.obj
         Debug\tif_jpeg.obj
         Debug\tif_luv.obj
         Debug\tif_lzw.obj
         Debug\tif_next.obj
         Debug\tif_ojpeg.obj
         Debug\tif_open.obj
         Debug\tif_packbits.obj
         Debug\tif_pixarlog.obj
         Debug\tif_predict.obj
         Debug\tif_print.obj
         Debug\tif_read.obj
         Debug\tif_strip.obj
         Debug\tif_swab.obj
         Debug\tif_thunder.obj
         Debug\tif_tile.obj
         Debug\tif_version.obj
         Debug\tif_warning.obj
         Debug\tif_write.obj
         Debug\tif_zip.obj
         tiff.vcxproj -> W:\Projects\XXXUI\XUI\XUI\CXImage\Debug\tiff.lib
     1>Done Building Project "W:\Projects\XXXUI\XUI\XUI\CXImage\tiff\tiff.vcxproj" (Build target(s)).

Build succeeded.

Time Elapsed 00:00:02.10
