W:\PROJECTS\XXXUI\XUI\XUI\CXIMAGE\TIFF\DEBUG\TIF_GETIMAGE.OBJ
W:\PROJECTS\XXXUI\XUI\XUI\CXIMAGE\TIFF\DEBUG\TIF_JPEG.OBJ
W:\PROJECTS\XXXUI\XUI\XUI\CXIMAGE\TIFF\DEBUG\TIF_LUV.OBJ
W:\PROJECTS\XXXUI\XUI\XUI\CXIMAGE\TIFF\DEBUG\TIF_LZW.OBJ
W:\PROJECTS\XXXUI\XUI\XUI\CXIMAGE\TIFF\DEBUG\TIF_NEXT.OBJ
W:\PROJECTS\XXXUI\XUI\XUI\CXIMAGE\TIFF\DEBUG\TIF_OJPEG.OBJ
W:\PROJECTS\XXXUI\XUI\XUI\CXIMAGE\TIFF\DEBUG\TIF_OPEN.OBJ
W:\PROJECTS\XXXUI\XUI\XUI\CXIMAGE\TIFF\DEBUG\TIF_PACKBITS.OBJ
W:\PROJECTS\XXXUI\XUI\XUI\CXIMAGE\TIFF\DEBUG\TIF_PIXARLOG.OBJ
W:\PROJECTS\XXXUI\XUI\XUI\CXIMAGE\TIFF\DEBUG\TIF_PREDICT.OBJ
W:\PROJECTS\XXXUI\XUI\XUI\CXIMAGE\TIFF\DEBUG\TIF_PRINT.OBJ
W:\PROJECTS\XXXUI\XUI\XUI\CXIMAGE\TIFF\DEBUG\TIF_READ.OBJ
W:\PROJECTS\XXXUI\XUI\XUI\CXIMAGE\TIFF\DEBUG\TIF_STRIP.OBJ
W:\PROJECTS\XXXUI\XUI\XUI\CXIMAGE\TIFF\DEBUG\TIF_SWAB.OBJ
W:\PROJECTS\XXXUI\XUI\XUI\CXIMAGE\TIFF\DEBUG\TIF_THUNDER.OBJ
W:\PROJECTS\XXXUI\XUI\XUI\CXIMAGE\TIFF\DEBUG\TIF_TILE.OBJ
W:\PROJECTS\XXXUI\XUI\XUI\CXIMAGE\TIFF\DEBUG\TIF_VERSION.OBJ
W:\PROJECTS\XXXUI\XUI\XUI\CXIMAGE\TIFF\DEBUG\TIF_WARNING.OBJ
W:\PROJECTS\XXXUI\XUI\XUI\CXIMAGE\TIFF\DEBUG\TIF_WRITE.OBJ
W:\PROJECTS\XXXUI\XUI\XUI\CXIMAGE\TIFF\DEBUG\TIF_ZIP.OBJ
W:\PROJECTS\XXXUI\XUI\XUI\CXIMAGE\TIFF\DEBUG\TIF_AUX.OBJ
W:\PROJECTS\XXXUI\XUI\XUI\CXIMAGE\TIFF\DEBUG\TIF_CLOSE.OBJ
W:\PROJECTS\XXXUI\XUI\XUI\CXIMAGE\TIFF\DEBUG\TIF_CODEC.OBJ
W:\PROJECTS\XXXUI\XUI\XUI\CXIMAGE\TIFF\DEBUG\TIF_COLOR.OBJ
W:\PROJECTS\XXXUI\XUI\XUI\CXIMAGE\TIFF\DEBUG\TIF_COMPRESS.OBJ
W:\PROJECTS\XXXUI\XUI\XUI\CXIMAGE\TIFF\DEBUG\TIF_DIR.OBJ
W:\PROJECTS\XXXUI\XUI\XUI\CXIMAGE\TIFF\DEBUG\TIF_DIRINFO.OBJ
W:\PROJECTS\XXXUI\XUI\XUI\CXIMAGE\TIFF\DEBUG\TIF_DIRREAD.OBJ
W:\PROJECTS\XXXUI\XUI\XUI\CXIMAGE\TIFF\DEBUG\TIF_DIRWRITE.OBJ
W:\PROJECTS\XXXUI\XUI\XUI\CXIMAGE\TIFF\DEBUG\TIF_DUMPMODE.OBJ
W:\PROJECTS\XXXUI\XUI\XUI\CXIMAGE\TIFF\DEBUG\TIF_ERROR.OBJ
W:\PROJECTS\XXXUI\XUI\XUI\CXIMAGE\TIFF\DEBUG\TIF_FAX3.OBJ
W:\PROJECTS\XXXUI\XUI\XUI\CXIMAGE\TIFF\DEBUG\TIF_FAX3SM.OBJ
W:\PROJECTS\XXXUI\XUI\XUI\CXIMAGE\TIFF\DEBUG\TIF_FLUSH.OBJ
W:\PROJECTS\XXXUI\XUI\XUI\CXIMAGE\TIFF\DEBUG\VC110.PDB
W:\PROJECTS\XXXUI\XUI\XUI\CXIMAGE\DEBUG\TIFF.LIB
W:\Projects\XXXUI\XUI\XUI\CXImage\tiff\Debug\tif_aux.obj
W:\Projects\XXXUI\XUI\XUI\CXImage\tiff\Debug\tif_close.obj
W:\Projects\XXXUI\XUI\XUI\CXImage\tiff\Debug\tif_codec.obj
W:\Projects\XXXUI\XUI\XUI\CXImage\tiff\Debug\tif_color.obj
W:\Projects\XXXUI\XUI\XUI\CXImage\tiff\Debug\tif_compress.obj
W:\Projects\XXXUI\XUI\XUI\CXImage\tiff\Debug\tif_dir.obj
W:\Projects\XXXUI\XUI\XUI\CXImage\tiff\Debug\tif_dirinfo.obj
W:\Projects\XXXUI\XUI\XUI\CXImage\tiff\Debug\tif_dirread.obj
W:\Projects\XXXUI\XUI\XUI\CXImage\tiff\Debug\tif_dirwrite.obj
W:\Projects\XXXUI\XUI\XUI\CXImage\tiff\Debug\tif_dumpmode.obj
W:\Projects\XXXUI\XUI\XUI\CXImage\tiff\Debug\tif_error.obj
W:\Projects\XXXUI\XUI\XUI\CXImage\tiff\Debug\tif_fax3.obj
W:\Projects\XXXUI\XUI\XUI\CXImage\tiff\Debug\tif_fax3sm.obj
W:\Projects\XXXUI\XUI\XUI\CXImage\tiff\Debug\tif_flush.obj
W:\Projects\XXXUI\XUI\XUI\CXImage\tiff\Debug\tif_getimage.obj
W:\Projects\XXXUI\XUI\XUI\CXImage\tiff\Debug\tif_jpeg.obj
W:\Projects\XXXUI\XUI\XUI\CXImage\tiff\Debug\tif_luv.obj
W:\Projects\XXXUI\XUI\XUI\CXImage\tiff\Debug\tif_lzw.obj
W:\Projects\XXXUI\XUI\XUI\CXImage\tiff\Debug\tif_next.obj
W:\Projects\XXXUI\XUI\XUI\CXImage\tiff\Debug\tif_ojpeg.obj
W:\Projects\XXXUI\XUI\XUI\CXImage\tiff\Debug\tif_open.obj
W:\Projects\XXXUI\XUI\XUI\CXImage\tiff\Debug\tif_packbits.obj
W:\Projects\XXXUI\XUI\XUI\CXImage\tiff\Debug\tif_pixarlog.obj
W:\Projects\XXXUI\XUI\XUI\CXImage\tiff\Debug\tif_predict.obj
W:\Projects\XXXUI\XUI\XUI\CXImage\tiff\Debug\tif_print.obj
W:\Projects\XXXUI\XUI\XUI\CXImage\tiff\Debug\tif_read.obj
W:\Projects\XXXUI\XUI\XUI\CXImage\tiff\Debug\tif_strip.obj
W:\Projects\XXXUI\XUI\XUI\CXImage\tiff\Debug\tif_swab.obj
W:\Projects\XXXUI\XUI\XUI\CXImage\tiff\Debug\tif_thunder.obj
W:\Projects\XXXUI\XUI\XUI\CXImage\tiff\Debug\tif_tile.obj
W:\Projects\XXXUI\XUI\XUI\CXImage\tiff\Debug\tif_version.obj
W:\Projects\XXXUI\XUI\XUI\CXImage\tiff\Debug\tif_warning.obj
W:\Projects\XXXUI\XUI\XUI\CXImage\tiff\Debug\tif_write.obj
W:\Projects\XXXUI\XUI\XUI\CXImage\tiff\Debug\tif_zip.obj
W:\Projects\XXXUI\XUI\XUI\CXImage\tiff\Debug\cl.command.1.tlog
W:\Projects\XXXUI\XUI\XUI\CXImage\tiff\Debug\CL.read.1.tlog
W:\Projects\XXXUI\XUI\XUI\CXImage\tiff\Debug\CL.write.1.tlog
W:\Projects\XXXUI\XUI\XUI\CXImage\tiff\Debug\Lib-link.read.1.tlog
W:\Projects\XXXUI\XUI\XUI\CXImage\tiff\Debug\Lib-link.write.1.tlog
W:\Projects\XXXUI\XUI\XUI\CXImage\tiff\Debug\lib.command.1.tlog
W:\Projects\XXXUI\XUI\XUI\CXImage\tiff\Debug\vc110.idb
W:\Projects\XXXUI\XUI\XUI\CXImage\tiff\Debug\vc110.pdb
W:\Projects\XXXUI\XUI\XUI\CXImage\Debug\tiff.lib
