W:\PROJECTS\XXXUI\XUI\XUI\CXIMAGE\CXIMAGE\CXIMAGEDLL\DEBUG\XMEMFILE.OBJ
W:\PROJECTS\XXXUI\XUI\XUI\CXIMAGE\CXIMAGE\CXIMAGEDLL\DEBUG\XIMAJBG.OBJ
W:\PROJECTS\XXXUI\XUI\XUI\CXIMAGE\CXIMAGE\CXIMAGEDLL\DEBUG\XIMAJPG.OBJ
W:\PROJECTS\XXXUI\XUI\XUI\CXIMAGE\CXIMAGE\CXIMAGEDLL\DEBUG\XIMALPHA.OBJ
W:\PROJECTS\XXXUI\XUI\XUI\CXIMAGE\CXIMAGE\CXIMAGEDLL\DEBUG\XIMALYR.OBJ
W:\PROJECTS\XXXUI\XUI\XUI\CXIMAGE\CXIMAGE\CXIMAGEDLL\DEBUG\XIMAMNG.OBJ
W:\PROJECTS\XXXUI\XUI\XUI\CXIMAGE\CXIMAGE\CXIMAGEDLL\DEBUG\XIMAPAL.OBJ
W:\PROJECTS\XXXUI\XUI\XUI\CXIMAGE\CXIMAGE\CXIMAGEDLL\DEBUG\XIMAPCX.OBJ
W:\PROJECTS\XXXUI\XUI\XUI\CXIMAGE\CXIMAGE\CXIMAGEDLL\DEBUG\XIMAPNG.OBJ
W:\PROJECTS\XXXUI\XUI\XUI\CXIMAGE\CXIMAGE\CXIMAGEDLL\DEBUG\XIMAPSD.OBJ
W:\PROJECTS\XXXUI\XUI\XUI\CXIMAGE\CXIMAGE\CXIMAGEDLL\DEBUG\XIMARAW.OBJ
W:\PROJECTS\XXXUI\XUI\XUI\CXIMAGE\CXIMAGE\CXIMAGEDLL\DEBUG\XIMASEL.OBJ
W:\PROJECTS\XXXUI\XUI\XUI\CXIMAGE\CXIMAGE\CXIMAGEDLL\DEBUG\XIMASKA.OBJ
W:\PROJECTS\XXXUI\XUI\XUI\CXIMAGE\CXIMAGE\CXIMAGEDLL\DEBUG\XIMATGA.OBJ
W:\PROJECTS\XXXUI\XUI\XUI\CXIMAGE\CXIMAGE\CXIMAGEDLL\DEBUG\XIMATH.OBJ
W:\PROJECTS\XXXUI\XUI\XUI\CXIMAGE\CXIMAGE\CXIMAGEDLL\DEBUG\XIMATIF.OBJ
W:\PROJECTS\XXXUI\XUI\XUI\CXIMAGE\CXIMAGE\CXIMAGEDLL\DEBUG\XIMATRAN.OBJ
W:\PROJECTS\XXXUI\XUI\XUI\CXIMAGE\CXIMAGE\CXIMAGEDLL\DEBUG\XIMAWBMP.OBJ
W:\PROJECTS\XXXUI\XUI\XUI\CXIMAGE\CXIMAGE\CXIMAGEDLL\DEBUG\XIMAWMF.OBJ
W:\PROJECTS\XXXUI\XUI\XUI\CXIMAGE\CXIMAGE\CXIMAGEDLL\DEBUG\XIMAWND.OBJ
W:\PROJECTS\XXXUI\XUI\XUI\CXIMAGE\CXIMAGE\CXIMAGEDLL\DEBUG\TIF_XFILE.OBJ
W:\PROJECTS\XXXUI\XUI\XUI\CXIMAGE\CXIMAGE\CXIMAGEDLL\DEBUG\XIMABMP.OBJ
W:\PROJECTS\XXXUI\XUI\XUI\CXIMAGE\CXIMAGE\CXIMAGEDLL\DEBUG\XIMADSP.OBJ
W:\PROJECTS\XXXUI\XUI\XUI\CXIMAGE\CXIMAGE\CXIMAGEDLL\DEBUG\XIMAENC.OBJ
W:\PROJECTS\XXXUI\XUI\XUI\CXIMAGE\CXIMAGE\CXIMAGEDLL\DEBUG\XIMAEXIF.OBJ
W:\PROJECTS\XXXUI\XUI\XUI\CXIMAGE\CXIMAGE\CXIMAGEDLL\DEBUG\XIMAGE.OBJ
W:\PROJECTS\XXXUI\XUI\XUI\CXIMAGE\CXIMAGE\CXIMAGEDLL\DEBUG\XIMAGIF.OBJ
W:\PROJECTS\XXXUI\XUI\XUI\CXIMAGE\CXIMAGE\CXIMAGEDLL\DEBUG\XIMAHIST.OBJ
W:\PROJECTS\XXXUI\XUI\XUI\CXIMAGE\CXIMAGE\CXIMAGEDLL\DEBUG\XIMAICO.OBJ
W:\PROJECTS\XXXUI\XUI\XUI\CXIMAGE\CXIMAGE\CXIMAGEDLL\DEBUG\XIMAINFO.OBJ
W:\PROJECTS\XXXUI\XUI\XUI\CXIMAGE\CXIMAGE\CXIMAGEDLL\DEBUG\XIMAINT.OBJ
W:\PROJECTS\XXXUI\XUI\XUI\CXIMAGE\CXIMAGE\CXIMAGEDLL\DEBUG\XIMAJAS.OBJ
W:\PROJECTS\XXXUI\XUI\XUI\CXIMAGE\CXIMAGE\CXIMAGEDLL\DEBUG\VC110.PDB
W:\Projects\XXXUI\XUI\XUI\CXImage\CxImage\CxImageDLL\Debug\cximagecrtd.lib
W:\Projects\XXXUI\XUI\XUI\CXImage\CxImage\CxImageDLL\Debug\cximagecrtd.exp
W:\PROJECTS\XXXUI\XUI\XUI\CXIMAGE\BIN\CXIMAGECRTD.ILK
W:\PROJECTS\XXXUI\XUI\XUI\CXIMAGE\BIN\CXIMAGECRTD.DLL
W:\PROJECTS\XXXUI\XUI\XUI\CXIMAGE\CXIMAGE\CXIMAGEDLL\DEBUG\CXIMAGECRTD.PDB
W:\PROJECTS\XXXUI\XUI\XUI\CXIMAGE\CXIMAGE\CXIMAGEDLL\DEBUG\CXIMAGECRTDLL.RES
W:\PROJECTS\XXXUI\XUI\XUI\CXIMAGE\CXIMAGE\CXIMAGEDLL\DEBUG\CXIMAGEMFCDLL.RES
W:\Projects\XXXUI\XUI\XUI\CXImage\CxImage\CxImageDLL\Debug\tif_xfile.obj
W:\Projects\XXXUI\XUI\XUI\CXImage\CxImage\CxImageDLL\Debug\ximabmp.obj
W:\Projects\XXXUI\XUI\XUI\CXImage\CxImage\CxImageDLL\Debug\ximadsp.obj
W:\Projects\XXXUI\XUI\XUI\CXImage\CxImage\CxImageDLL\Debug\ximaenc.obj
W:\Projects\XXXUI\XUI\XUI\CXImage\CxImage\CxImageDLL\Debug\ximaexif.obj
W:\Projects\XXXUI\XUI\XUI\CXImage\CxImage\CxImageDLL\Debug\ximage.obj
W:\Projects\XXXUI\XUI\XUI\CXImage\CxImage\CxImageDLL\Debug\ximagif.obj
W:\Projects\XXXUI\XUI\XUI\CXImage\CxImage\CxImageDLL\Debug\ximahist.obj
W:\Projects\XXXUI\XUI\XUI\CXImage\CxImage\CxImageDLL\Debug\ximaico.obj
W:\Projects\XXXUI\XUI\XUI\CXImage\CxImage\CxImageDLL\Debug\ximainfo.obj
W:\Projects\XXXUI\XUI\XUI\CXImage\CxImage\CxImageDLL\Debug\ximaint.obj
W:\Projects\XXXUI\XUI\XUI\CXImage\CxImage\CxImageDLL\Debug\ximajas.obj
W:\Projects\XXXUI\XUI\XUI\CXImage\CxImage\CxImageDLL\Debug\ximajbg.obj
W:\Projects\XXXUI\XUI\XUI\CXImage\CxImage\CxImageDLL\Debug\ximajpg.obj
W:\Projects\XXXUI\XUI\XUI\CXImage\CxImage\CxImageDLL\Debug\ximalpha.obj
W:\Projects\XXXUI\XUI\XUI\CXImage\CxImage\CxImageDLL\Debug\ximalyr.obj
W:\Projects\XXXUI\XUI\XUI\CXImage\CxImage\CxImageDLL\Debug\ximamng.obj
W:\Projects\XXXUI\XUI\XUI\CXImage\CxImage\CxImageDLL\Debug\ximapal.obj
W:\Projects\XXXUI\XUI\XUI\CXImage\CxImage\CxImageDLL\Debug\ximapcx.obj
W:\Projects\XXXUI\XUI\XUI\CXImage\CxImage\CxImageDLL\Debug\ximapng.obj
W:\Projects\XXXUI\XUI\XUI\CXImage\CxImage\CxImageDLL\Debug\ximapsd.obj
W:\Projects\XXXUI\XUI\XUI\CXImage\CxImage\CxImageDLL\Debug\ximaraw.obj
W:\Projects\XXXUI\XUI\XUI\CXImage\CxImage\CxImageDLL\Debug\ximasel.obj
W:\Projects\XXXUI\XUI\XUI\CXImage\CxImage\CxImageDLL\Debug\ximaska.obj
W:\Projects\XXXUI\XUI\XUI\CXImage\CxImage\CxImageDLL\Debug\ximatga.obj
W:\Projects\XXXUI\XUI\XUI\CXImage\CxImage\CxImageDLL\Debug\ximath.obj
W:\Projects\XXXUI\XUI\XUI\CXImage\CxImage\CxImageDLL\Debug\ximatif.obj
W:\Projects\XXXUI\XUI\XUI\CXImage\CxImage\CxImageDLL\Debug\ximatran.obj
W:\Projects\XXXUI\XUI\XUI\CXImage\CxImage\CxImageDLL\Debug\ximawbmp.obj
W:\Projects\XXXUI\XUI\XUI\CXImage\CxImage\CxImageDLL\Debug\ximawmf.obj
W:\Projects\XXXUI\XUI\XUI\CXImage\CxImage\CxImageDLL\Debug\ximawnd.obj
W:\Projects\XXXUI\XUI\XUI\CXImage\CxImage\CxImageDLL\Debug\xmemfile.obj
W:\Projects\XXXUI\XUI\XUI\CXImage\CxImage\CxImageDLL\Debug\cl.command.1.tlog
W:\Projects\XXXUI\XUI\XUI\CXImage\CxImage\CxImageDLL\Debug\CL.read.1.tlog
W:\Projects\XXXUI\XUI\XUI\CXImage\CxImage\CxImageDLL\Debug\CL.write.1.tlog
W:\Projects\XXXUI\XUI\XUI\CXImage\CxImage\CxImageDLL\Debug\cximagecrtdll.write.1.tlog
W:\Projects\XXXUI\XUI\XUI\CXImage\CxImage\CxImageDLL\Debug\link-cvtres.read.1.tlog
W:\Projects\XXXUI\XUI\XUI\CXImage\CxImage\CxImageDLL\Debug\link-cvtres.write.1.tlog
W:\Projects\XXXUI\XUI\XUI\CXImage\CxImage\CxImageDLL\Debug\link-rc.read.1.tlog
W:\Projects\XXXUI\XUI\XUI\CXImage\CxImage\CxImageDLL\Debug\link-rc.write.1.tlog
W:\Projects\XXXUI\XUI\XUI\CXImage\CxImage\CxImageDLL\Debug\link.command.1.tlog
W:\Projects\XXXUI\XUI\XUI\CXImage\CxImage\CxImageDLL\Debug\link.read.1.tlog
W:\Projects\XXXUI\XUI\XUI\CXImage\CxImage\CxImageDLL\Debug\link.write.1.tlog
W:\Projects\XXXUI\XUI\XUI\CXImage\CxImage\CxImageDLL\Debug\rc.command.1.tlog
W:\Projects\XXXUI\XUI\XUI\CXImage\CxImage\CxImageDLL\Debug\rc.read.1.tlog
W:\Projects\XXXUI\XUI\XUI\CXImage\CxImage\CxImageDLL\Debug\rc.write.1.tlog
W:\Projects\XXXUI\XUI\XUI\CXImage\CxImage\CxImageDLL\Debug\CxImageCrtDll.res
W:\Projects\XXXUI\XUI\XUI\CXImage\CxImage\CxImageDLL\Debug\CxImageMfcDll.res
W:\Projects\XXXUI\XUI\XUI\CXImage\CxImage\CxImageDLL\Debug\vc110.idb
W:\Projects\XXXUI\XUI\XUI\CXImage\CxImage\CxImageDLL\Debug\cximagecrtd.pdb
W:\Projects\XXXUI\XUI\XUI\CXImage\CxImage\CxImageDLL\Debug\vc110.pdb
