W:\PROJECTS\XXXUI\XUI\XUI\CXIMAGE\JPEG\DEBUG\JDINPUT.OBJ
W:\PROJECTS\XXXUI\XUI\XUI\CXIMAGE\JPEG\DEBUG\JDMAINCT.OBJ
W:\PROJECTS\XXXUI\XUI\XUI\CXIMAGE\JPEG\DEBUG\JDMARKER.OBJ
W:\PROJECTS\XXXUI\XUI\XUI\CXIMAGE\JPEG\DEBUG\JDMASTER.OBJ
W:\PROJECTS\XXXUI\XUI\XUI\CXIMAGE\JPEG\DEBUG\JDMERGE.OBJ
W:\PROJECTS\XXXUI\XUI\XUI\CXIMAGE\JPEG\DEBUG\JDPOSTCT.OBJ
W:\PROJECTS\XXXUI\XUI\XUI\CXIMAGE\JPEG\DEBUG\JDSAMPLE.OBJ
W:\PROJECTS\XXXUI\XUI\XUI\CXIMAGE\JPEG\DEBUG\JDTRANS.OBJ
W:\PROJECTS\XXXUI\XUI\XUI\CXIMAGE\JPEG\DEBUG\JERROR.OBJ
W:\PROJECTS\XXXUI\XUI\XUI\CXIMAGE\JPEG\DEBUG\JFDCTFLT.OBJ
W:\PROJECTS\XXXUI\XUI\XUI\CXIMAGE\JPEG\DEBUG\JFDCTFST.OBJ
W:\PROJECTS\XXXUI\XUI\XUI\CXIMAGE\JPEG\DEBUG\JFDCTINT.OBJ
W:\PROJECTS\XXXUI\XUI\XUI\CXIMAGE\JPEG\DEBUG\JIDCTFLT.OBJ
W:\PROJECTS\XXXUI\XUI\XUI\CXIMAGE\JPEG\DEBUG\JIDCTFST.OBJ
W:\PROJECTS\XXXUI\XUI\XUI\CXIMAGE\JPEG\DEBUG\JIDCTINT.OBJ
W:\PROJECTS\XXXUI\XUI\XUI\CXIMAGE\JPEG\DEBUG\JMEMMGR.OBJ
W:\PROJECTS\XXXUI\XUI\XUI\CXIMAGE\JPEG\DEBUG\JMEMNOBS.OBJ
W:\PROJECTS\XXXUI\XUI\XUI\CXIMAGE\JPEG\DEBUG\JQUANT1.OBJ
W:\PROJECTS\XXXUI\XUI\XUI\CXIMAGE\JPEG\DEBUG\JQUANT2.OBJ
W:\PROJECTS\XXXUI\XUI\XUI\CXIMAGE\JPEG\DEBUG\JUTILS.OBJ
W:\PROJECTS\XXXUI\XUI\XUI\CXIMAGE\JPEG\DEBUG\JCDCTMGR.OBJ
W:\PROJECTS\XXXUI\XUI\XUI\CXIMAGE\JPEG\DEBUG\JCHUFF.OBJ
W:\PROJECTS\XXXUI\XUI\XUI\CXIMAGE\JPEG\DEBUG\JCINIT.OBJ
W:\PROJECTS\XXXUI\XUI\XUI\CXIMAGE\JPEG\DEBUG\JCMAINCT.OBJ
W:\PROJECTS\XXXUI\XUI\XUI\CXIMAGE\JPEG\DEBUG\JCMARKER.OBJ
W:\PROJECTS\XXXUI\XUI\XUI\CXIMAGE\JPEG\DEBUG\JCMASTER.OBJ
W:\PROJECTS\XXXUI\XUI\XUI\CXIMAGE\JPEG\DEBUG\JCOMAPI.OBJ
W:\PROJECTS\XXXUI\XUI\XUI\CXIMAGE\JPEG\DEBUG\JCPARAM.OBJ
W:\PROJECTS\XXXUI\XUI\XUI\CXIMAGE\JPEG\DEBUG\JCPREPCT.OBJ
W:\PROJECTS\XXXUI\XUI\XUI\CXIMAGE\JPEG\DEBUG\JCSAMPLE.OBJ
W:\PROJECTS\XXXUI\XUI\XUI\CXIMAGE\JPEG\DEBUG\JCTRANS.OBJ
W:\PROJECTS\XXXUI\XUI\XUI\CXIMAGE\JPEG\DEBUG\JDAPIMIN.OBJ
W:\PROJECTS\XXXUI\XUI\XUI\CXIMAGE\JPEG\DEBUG\JDAPISTD.OBJ
W:\PROJECTS\XXXUI\XUI\XUI\CXIMAGE\JPEG\DEBUG\JDARITH.OBJ
W:\PROJECTS\XXXUI\XUI\XUI\CXIMAGE\JPEG\DEBUG\JDATADST.OBJ
W:\PROJECTS\XXXUI\XUI\XUI\CXIMAGE\JPEG\DEBUG\JDATASRC.OBJ
W:\PROJECTS\XXXUI\XUI\XUI\CXIMAGE\JPEG\DEBUG\JDCOEFCT.OBJ
W:\PROJECTS\XXXUI\XUI\XUI\CXIMAGE\JPEG\DEBUG\JDCOLOR.OBJ
W:\PROJECTS\XXXUI\XUI\XUI\CXIMAGE\JPEG\DEBUG\JDDCTMGR.OBJ
W:\PROJECTS\XXXUI\XUI\XUI\CXIMAGE\JPEG\DEBUG\JDHUFF.OBJ
W:\PROJECTS\XXXUI\XUI\XUI\CXIMAGE\JPEG\DEBUG\JARICOM.OBJ
W:\PROJECTS\XXXUI\XUI\XUI\CXIMAGE\JPEG\DEBUG\JCAPIMIN.OBJ
W:\PROJECTS\XXXUI\XUI\XUI\CXIMAGE\JPEG\DEBUG\JCAPISTD.OBJ
W:\PROJECTS\XXXUI\XUI\XUI\CXIMAGE\JPEG\DEBUG\JCARITH.OBJ
W:\PROJECTS\XXXUI\XUI\XUI\CXIMAGE\JPEG\DEBUG\JCCOEFCT.OBJ
W:\PROJECTS\XXXUI\XUI\XUI\CXIMAGE\JPEG\DEBUG\JCCOLOR.OBJ
W:\PROJECTS\XXXUI\XUI\XUI\CXIMAGE\JPEG\DEBUG\VC110.PDB
W:\PROJECTS\XXXUI\XUI\XUI\CXIMAGE\DEBUG\JPEG.LIB
W:\Projects\XXXUI\XUI\XUI\CXImage\jpeg\Debug\jaricom.obj
W:\Projects\XXXUI\XUI\XUI\CXImage\jpeg\Debug\jcapimin.obj
W:\Projects\XXXUI\XUI\XUI\CXImage\jpeg\Debug\jcapistd.obj
W:\Projects\XXXUI\XUI\XUI\CXImage\jpeg\Debug\jcarith.obj
W:\Projects\XXXUI\XUI\XUI\CXImage\jpeg\Debug\jccoefct.obj
W:\Projects\XXXUI\XUI\XUI\CXImage\jpeg\Debug\jccolor.obj
W:\Projects\XXXUI\XUI\XUI\CXImage\jpeg\Debug\jcdctmgr.obj
W:\Projects\XXXUI\XUI\XUI\CXImage\jpeg\Debug\jchuff.obj
W:\Projects\XXXUI\XUI\XUI\CXImage\jpeg\Debug\jcinit.obj
W:\Projects\XXXUI\XUI\XUI\CXImage\jpeg\Debug\jcmainct.obj
W:\Projects\XXXUI\XUI\XUI\CXImage\jpeg\Debug\jcmarker.obj
W:\Projects\XXXUI\XUI\XUI\CXImage\jpeg\Debug\jcmaster.obj
W:\Projects\XXXUI\XUI\XUI\CXImage\jpeg\Debug\jcomapi.obj
W:\Projects\XXXUI\XUI\XUI\CXImage\jpeg\Debug\jcparam.obj
W:\Projects\XXXUI\XUI\XUI\CXImage\jpeg\Debug\jcprepct.obj
W:\Projects\XXXUI\XUI\XUI\CXImage\jpeg\Debug\jcsample.obj
W:\Projects\XXXUI\XUI\XUI\CXImage\jpeg\Debug\jctrans.obj
W:\Projects\XXXUI\XUI\XUI\CXImage\jpeg\Debug\jdapimin.obj
W:\Projects\XXXUI\XUI\XUI\CXImage\jpeg\Debug\jdapistd.obj
W:\Projects\XXXUI\XUI\XUI\CXImage\jpeg\Debug\jdarith.obj
W:\Projects\XXXUI\XUI\XUI\CXImage\jpeg\Debug\jdatadst.obj
W:\Projects\XXXUI\XUI\XUI\CXImage\jpeg\Debug\jdatasrc.obj
W:\Projects\XXXUI\XUI\XUI\CXImage\jpeg\Debug\jdcoefct.obj
W:\Projects\XXXUI\XUI\XUI\CXImage\jpeg\Debug\jdcolor.obj
W:\Projects\XXXUI\XUI\XUI\CXImage\jpeg\Debug\jddctmgr.obj
W:\Projects\XXXUI\XUI\XUI\CXImage\jpeg\Debug\jdhuff.obj
W:\Projects\XXXUI\XUI\XUI\CXImage\jpeg\Debug\jdinput.obj
W:\Projects\XXXUI\XUI\XUI\CXImage\jpeg\Debug\jdmainct.obj
W:\Projects\XXXUI\XUI\XUI\CXImage\jpeg\Debug\jdmarker.obj
W:\Projects\XXXUI\XUI\XUI\CXImage\jpeg\Debug\jdmaster.obj
W:\Projects\XXXUI\XUI\XUI\CXImage\jpeg\Debug\jdmerge.obj
W:\Projects\XXXUI\XUI\XUI\CXImage\jpeg\Debug\jdpostct.obj
W:\Projects\XXXUI\XUI\XUI\CXImage\jpeg\Debug\jdsample.obj
W:\Projects\XXXUI\XUI\XUI\CXImage\jpeg\Debug\jdtrans.obj
W:\Projects\XXXUI\XUI\XUI\CXImage\jpeg\Debug\jerror.obj
W:\Projects\XXXUI\XUI\XUI\CXImage\jpeg\Debug\jfdctflt.obj
W:\Projects\XXXUI\XUI\XUI\CXImage\jpeg\Debug\jfdctfst.obj
W:\Projects\XXXUI\XUI\XUI\CXImage\jpeg\Debug\jfdctint.obj
W:\Projects\XXXUI\XUI\XUI\CXImage\jpeg\Debug\jidctflt.obj
W:\Projects\XXXUI\XUI\XUI\CXImage\jpeg\Debug\jidctfst.obj
W:\Projects\XXXUI\XUI\XUI\CXImage\jpeg\Debug\jidctint.obj
W:\Projects\XXXUI\XUI\XUI\CXImage\jpeg\Debug\jmemmgr.obj
W:\Projects\XXXUI\XUI\XUI\CXImage\jpeg\Debug\jmemnobs.obj
W:\Projects\XXXUI\XUI\XUI\CXImage\jpeg\Debug\jquant1.obj
W:\Projects\XXXUI\XUI\XUI\CXImage\jpeg\Debug\jquant2.obj
W:\Projects\XXXUI\XUI\XUI\CXImage\jpeg\Debug\jutils.obj
W:\Projects\XXXUI\XUI\XUI\CXImage\jpeg\Debug\cl.command.1.tlog
W:\Projects\XXXUI\XUI\XUI\CXImage\jpeg\Debug\CL.read.1.tlog
W:\Projects\XXXUI\XUI\XUI\CXImage\jpeg\Debug\CL.write.1.tlog
W:\Projects\XXXUI\XUI\XUI\CXImage\jpeg\Debug\Lib-link.read.1.tlog
W:\Projects\XXXUI\XUI\XUI\CXImage\jpeg\Debug\Lib-link.write.1.tlog
W:\Projects\XXXUI\XUI\XUI\CXImage\jpeg\Debug\lib.command.1.tlog
W:\Projects\XXXUI\XUI\XUI\CXImage\jpeg\Debug\vc110.idb
W:\Projects\XXXUI\XUI\XUI\CXImage\jpeg\Debug\vc110.pdb
W:\Projects\XXXUI\XUI\XUI\CXImage\Debug\jpeg.lib
