W:\PROJECTS\XXXUI\XUI\XUI\CXIMAGE\ZLIB\DEBUG\ADLER32.OBJ
W:\PROJECTS\XXXUI\XUI\XUI\CXIMAGE\ZLIB\DEBUG\COMPRESS.OBJ
W:\PROJECTS\XXXUI\XUI\XUI\CXIMAGE\ZLIB\DEBUG\CRC32.OBJ
W:\PROJECTS\XXXUI\XUI\XUI\CXIMAGE\ZLIB\DEBUG\DEFLATE.OBJ
W:\PROJECTS\XXXUI\XUI\XUI\CXIMAGE\ZLIB\DEBUG\INFBACK.OBJ
W:\PROJECTS\XXXUI\XUI\XUI\CXIMAGE\ZLIB\DEBUG\INFFAST.OBJ
W:\PROJECTS\XXXUI\XUI\XUI\CXIMAGE\ZLIB\DEBUG\INFLATE.OBJ
W:\PROJECTS\XXXUI\XUI\XUI\CXIMAGE\ZLIB\DEBUG\INFTREES.OBJ
W:\PROJECTS\XXXUI\XUI\XUI\CXIMAGE\ZLIB\DEBUG\TREES.OBJ
W:\PROJECTS\XXXUI\XUI\XUI\CXIMAGE\ZLIB\DEBUG\UNCOMPR.OBJ
W:\PROJECTS\XXXUI\XUI\XUI\CXIMAGE\ZLIB\DEBUG\ZUTIL.OBJ
W:\PROJECTS\XXXUI\XUI\XUI\CXIMAGE\ZLIB\DEBUG\VC110.PDB
W:\PROJECTS\XXXUI\XUI\XUI\CXIMAGE\DEBUG\ZLIB.LIB
W:\Projects\XXXUI\XUI\XUI\CXImage\zlib\Debug\adler32.obj
W:\Projects\XXXUI\XUI\XUI\CXImage\zlib\Debug\compress.obj
W:\Projects\XXXUI\XUI\XUI\CXImage\zlib\Debug\crc32.obj
W:\Projects\XXXUI\XUI\XUI\CXImage\zlib\Debug\deflate.obj
W:\Projects\XXXUI\XUI\XUI\CXImage\zlib\Debug\infback.obj
W:\Projects\XXXUI\XUI\XUI\CXImage\zlib\Debug\inffast.obj
W:\Projects\XXXUI\XUI\XUI\CXImage\zlib\Debug\inflate.obj
W:\Projects\XXXUI\XUI\XUI\CXImage\zlib\Debug\inftrees.obj
W:\Projects\XXXUI\XUI\XUI\CXImage\zlib\Debug\trees.obj
W:\Projects\XXXUI\XUI\XUI\CXImage\zlib\Debug\uncompr.obj
W:\Projects\XXXUI\XUI\XUI\CXImage\zlib\Debug\zutil.obj
W:\Projects\XXXUI\XUI\XUI\CXImage\zlib\Debug\cl.command.1.tlog
W:\Projects\XXXUI\XUI\XUI\CXImage\zlib\Debug\CL.read.1.tlog
W:\Projects\XXXUI\XUI\XUI\CXImage\zlib\Debug\CL.write.1.tlog
W:\Projects\XXXUI\XUI\XUI\CXImage\zlib\Debug\Lib-link.read.1.tlog
W:\Projects\XXXUI\XUI\XUI\CXImage\zlib\Debug\Lib-link.write.1.tlog
W:\Projects\XXXUI\XUI\XUI\CXImage\zlib\Debug\lib.command.1.tlog
W:\Projects\XXXUI\XUI\XUI\CXImage\zlib\Debug\vc110.idb
W:\Projects\XXXUI\XUI\XUI\CXImage\zlib\Debug\vc110.pdb
W:\Projects\XXXUI\XUI\XUI\CXImage\Debug\zlib.lib
