Build started 2013/2/24 11:22:49.
     1>Project "W:\Projects\XXXUI\XUI\XUI\CXImage\png\png.vcxproj" on node 2 (Build target(s)).
     1>Lib:
         W:\Program Files (x86)\Microsoft Visual Studio 11.0\VC\bin\Lib.exe /OUT:"W:\Projects\XXXUI\XUI\XUI\CXImage\Release\png.lib" /NOLOGO /LTCG Release\png.obj
         Release\pngerror.obj
         Release\pngget.obj
         Release\pngmem.obj
         Release\pngpread.obj
         Release\pngread.obj
         Release\pngrio.obj
         Release\pngrtran.obj
         Release\pngrutil.obj
         Release\pngset.obj
         Release\pngtrans.obj
         Release\pngwio.obj
         Release\pngwrite.obj
         Release\pngwtran.obj
         Release\pngwutil.obj
         png.vcxproj -> W:\Projects\XXXUI\XUI\XUI\CXImage\Release\png.lib
     1>Done Building Project "W:\Projects\XXXUI\XUI\XUI\CXImage\png\png.vcxproj" (Build target(s)).

Build succeeded.

Time Elapsed 00:00:00.20
